2023-07-24 09:25:12 - Unable to initialize backend 'tpu_driver': NOT_FOUND: Unable to find driver in registry given worker: 
2023-07-24 09:25:12 - Unable to initialize backend 'rocm': NOT_FOUND: Could not find registered platform with name: "rocm". Available platform names are: Interpreter Host CUDA
2023-07-24 09:25:12 - Unable to initialize backend 'tpu': module 'jaxlib.xla_extension' has no attribute 'get_tpu_client'
2023-07-24 09:25:12 - Unable to initialize backend 'plugin': xla_extension has no attributes named get_plugin_device_client. Compile TensorFlow with //tensorflow/compiler/xla/python:enable_plugin_device set to true (defaults to false) to enable this.
2023-07-24 09:25:45 - [10000] R = 0.25
2023-07-24 09:26:11 - [20000] R = 0.85
2023-07-24 09:26:38 - [30000] R = 74.56
2023-07-24 09:27:05 - [40000] R = 60.11
2023-07-24 09:27:32 - [50000] R = 153.05
2023-07-24 09:27:58 - [60000] R = 133.96
2023-07-24 09:28:25 - [70000] R = 145.58
2023-07-24 09:28:52 - [80000] R = 203.70
2023-07-24 09:29:18 - [90000] R = 242.66
2023-07-24 09:29:45 - [100000] R = 242.91
2023-07-24 09:30:12 - [110000] R = 249.10
2023-07-24 09:30:38 - [120000] R = 274.64
2023-07-24 09:31:05 - [130000] R = 266.86
2023-07-24 09:31:32 - [140000] R = 247.96
2023-07-24 09:31:58 - [150000] R = 237.72
2023-07-24 09:32:25 - [160000] R = 209.60
2023-07-24 09:32:52 - [170000] R = 254.97
2023-07-24 09:33:20 - [180000] R = 256.17
2023-07-24 09:33:47 - [190000] R = 271.12
2023-07-24 09:34:13 - [200000] R = 211.43
2023-07-24 09:34:40 - [210000] R = 195.60
2023-07-24 09:35:07 - [220000] R = 285.25
2023-07-24 09:35:34 - [230000] R = 250.12
2023-07-24 09:36:01 - [240000] R = 264.49
2023-07-24 09:36:28 - [250000] R = 259.37
2023-07-24 09:36:55 - [260000] R = 289.97
2023-07-24 09:37:22 - [270000] R = 235.39
2023-07-24 09:37:49 - [280000] R = 291.06
2023-07-24 09:38:16 - [290000] R = 299.50
2023-07-24 09:38:42 - [300000] R = 310.93
2023-07-24 09:39:09 - [310000] R = 274.14
2023-07-24 09:39:37 - [320000] R = 203.56
2023-07-24 09:40:04 - [330000] R = 323.29
2023-07-24 09:40:31 - [340000] R = 314.56
2023-07-24 09:40:58 - [350000] R = 324.02
2023-07-24 09:41:25 - [360000] R = 314.26
2023-07-24 09:41:51 - [370000] R = 330.46
2023-07-24 09:42:18 - [380000] R = 386.32
2023-07-24 09:42:45 - [390000] R = 322.51
2023-07-24 09:43:12 - [400000] R = 348.39
2023-07-24 09:43:39 - [410000] R = 364.39
2023-07-24 09:44:06 - [420000] R = 376.14
2023-07-24 09:44:33 - [430000] R = 406.91
2023-07-24 09:45:00 - [440000] R = 387.30
