Ray worker pid: 2227979
Using seed 645
[ BNN ] Name hopper-medium_sn_smv_1_0 | Observation dim 11 | Action dim: 3 | Hidden dim: 200
##################################################
sn: False
no_sn_last: False
gradient_penalty: 0.0
gradient_penalty_scale: 10.0
reward_classification: False
##################################################
[ BNN ] Initializing model: hopper-medium_sn_smv_1_0 | 7 networks | 5 elites
Created an ensemble of 7 neural networks with variance predictions | Elites: 5
model.model_loaded = False
[ BNN ] Training non-linear model | Obs: 11 | Act: 3 | Rew: 1 | Hidden: 200
Added layer with input dim 14 , output dim 200
Added layer with input dim 200 , output dim 200
Added layer with input dim 200 , output dim 200
Added layer with input dim 200 , output dim 200
Added layer with input dim 200 , output dim 12
[ BNN ] Model: <combo.models.bnn.BNN object at 0x7fcd105ebbe0>
[ Writer ] Log dir: /usr/local/data/yuweifu/jaxrl/benchmarks/combo/ray_combo/hopper/hopper_medium_nolip_len5_minq_3.0_lagrange_0.0_deterministic_backup_temp1.0_lr3e-5_3layers_normalize_for_fake_states_rollout_random_real0.5_iter2000_2000e3/seed:645_2022-02-04_18-33-43pbwbth65
[ combo ] Target entropy: -3
[ combo/off_policy ] Replay pool has size: 999998
[ combo ] Starting with pool size: 999998
[ combo ] log_dir: /usr/local/data/yuweifu/jaxrl/benchmarks/combo/ray_combo/hopper/hopper_medium_nolip_len5_minq_3.0_lagrange_0.0_deterministic_backup_temp1.0_lr3e-5_3layers_normalize_for_fake_states_rollout_random_real0.5_iter2000_2000e3/seed:645_2022-02-04_18-33-43pbwbth65 | ratio: 0.5
[ combo ] Training model at epoch 0 | freq 1000 | timestep 0 (total: 0)
[ BNN ] Training (998998, 14) | Holdout: (7, 1000, 14)

                                                                                                    
0 iterations | 0.0 Hz
M0 : 0.0450974181294 | M1 : 0.0410270541906 | M2 : 0.0615531019866
M3 : 0.0554765462875 | M4 : 0.0405783802270 | M5 : 0.0476554930210
M6 : 0.0508330725133 | R0 : 0.0094927633181 | R1 : 0.0117878345772
R2 : 0.0124435592442 | R3 : 0.0156924016773 | R4 : 0.0203589964658
R5 : 0.0117982113733 | R6 : 0.0196723993867 | S0 : -7.785960674285
S1 : -7.750768661499 | S2 : -7.888588905334 | S3 : -7.924873828887
S4 : -7.853530406951 | S5 : -7.298025608062 | S6 : -7.307645797729
V0 : 0.0372436270117 | V1 : 0.0321879349648 | V2 : 0.0325616933405
V3 : 0.0345210544764 | V4 : 0.0354429185390 | V5 : 0.0354948118329
V6 : 0.0369763523340 | VR0 : 0.014999032951 | VR1 : 0.014081045053
VR2 : 0.017797211185 | VR3 : 0.014751560986 | VR4 : 0.024402353912
VR5 : 0.014559004455 | VR6 : 0.020297871902 | VS0 : -7.82368278503
VS1 : -7.81962728500 | VS2 : -8.02823162078 | VS3 : -7.97748374938
VS4 : -7.84512424468 | VS5 : -7.31327009201 | VS6 : -7.36349487304
T : 47.2727754116058

                                                                                                    
                                                                                                    
1 iterations | 0.0 Hz
M0 : 0.0305790975689 | M1 : 0.0428161323070 | M2 : 0.0524295270442
M3 : 0.0369179211556 | M4 : 0.0549175590276 | M5 : 0.0291725341230
M6 : 0.0469954498112 | R0 : 0.0327540747821 | R1 : 0.0107624605298
R2 : 0.0126560516655 | R3 : 0.0115502728149 | R4 : 0.0088288504630
R5 : 0.0086205750703 | R6 : 0.0091693690046 | S0 : -8.825978279113
S1 : -8.297564506530 | S2 : -8.706289291381 | S3 : -8.802587509155
S4 : -8.947583198547 | S5 : -8.232228279113 | S6 : -8.236946105957
V0 : 0.0344837307929 | V1 : 0.0273684486746 | V2 : 0.0287269446998
V3 : 0.0295981373637 | V4 : 0.0320893935859 | V5 : 0.0300622452050
V6 : 0.0314076170325 | VR0 : 0.033018901944 | VR1 : 0.018720116466
VR2 : 0.012023792602 | VR3 : 0.013837163336 | VR4 : 0.013342766091
VR5 : 0.014183544553 | VR6 : 0.011922694742 | VS0 : -8.82973480224
VS1 : -8.37432384490 | VS2 : -8.89022541046 | VS3 : -8.87796592712
VS4 : -8.86602115631 | VS5 : -8.34392833709 | VS6 : -8.25306797027
T : 94.6495440006256

                                                                                                    
                                                                                                    
2 iterations | 0.0 Hz
M0 : 0.0397990494966 | M1 : 0.0369232036173 | M2 : 0.0334737785160
M3 : 0.0335445851087 | M4 : 0.0322383083403 | M5 : 0.0294020231813
M6 : 0.0444502718746 | R0 : 0.0584156066179 | R1 : 0.0063856323249
R2 : 0.0085060521960 | R3 : 0.0096499500796 | R4 : 0.0041520763188
R5 : 0.0089523624628 | R6 : 0.0053566507995 | S0 : -9.127635955810
S1 : -9.156985282897 | S2 : -8.877458572387 | S3 : -9.034832954406
S4 : -8.924960136413 | S5 : -9.029358863830 | S6 : -8.768687248229
V0 : 0.0390602350234 | V1 : 0.0209067985415 | V2 : 0.0253998301923
V3 : 0.0273034740239 | V4 : 0.0268269963562 | V5 : 0.0252404399216
V6 : 0.0280143581330 | VR0 : 0.081460356712 | VR1 : 0.009384048171
VR2 : 0.009159361012 | VR3 : 0.016944004222 | VR4 : 0.007288659922
VR5 : 0.011353536508 | VR6 : 0.009852025657 | VS0 : -9.10887718200
VS1 : -9.22172355651 | VS2 : -8.94697952270 | VS3 : -9.04139041900
VS4 : -9.04559326171 | VS5 : -9.10669231414 | VS6 : -8.87353420257
T : 141.778931379318

                                                                                                    
                                                                                                    
3 iterations | 0.0 Hz
M0 : 0.0325489789247 | M1 : 0.0307600088417 | M2 : 0.0399283356964
M3 : 0.0406894311308 | M4 : 0.0487819276750 | M5 : 0.0230531990528
M6 : 0.2586347162723 | R0 : 0.0133074177429 | R1 : 0.0363451018929
R2 : 0.0060719852335 | R3 : 0.0104492343962 | R4 : 0.0044051464647
R5 : 0.0051977452822 | R6 : 0.8602022528648 | S0 : -9.204361915588
S1 : -9.015520095825 | S2 : -7.813815116882 | S3 : -9.424293518066
S4 : -9.260711669921 | S5 : -8.719491958618 | S6 : -5.714418411254
V0 : 0.0246216580271 | V1 : 0.0206710807979 | V2 : 0.0227821283042
V3 : 0.0253647658973 | V4 : 0.0237041618674 | V5 : 0.0223383866250
V6 : 0.2028947770595 | VR0 : 0.013256906531 | VR1 : 0.038748681545
VR2 : 0.009302562102 | VR3 : 0.012604146264 | VR4 : 0.004605836700
VR5 : 0.010251848027 | VR6 : 0.577740013599 | VS0 : -9.29585075378
VS1 : -9.09937667846 | VS2 : -7.77545022964 | VS3 : -9.49959945678
VS4 : -9.40807437896 | VS5 : -8.67855644226 | VS6 : -5.91192054748
T : 188.848020553588

                                                                                                    
                                                                                                    
4 iterations | 0.0 Hz
M0 : 0.0276749376207 | M1 : 0.0266648679971 | M2 : 0.0369353517889
M3 : 0.0329308770596 | M4 : 0.0333301089704 | M5 : 0.0327428318560
M6 : 0.0275704693049 | R0 : 0.0106805879622 | R1 : 0.0033475931268
R2 : 0.0058214799501 | R3 : 0.0105603141710 | R4 : 0.0046616648323
R5 : 0.0067454371601 | R6 : 0.0045727263204 | S0 : -9.230655670166
S1 : -9.922118186950 | S2 : -9.750198364257 | S3 : -9.331417083740
S4 : -9.946372985839 | S5 : -9.831564903259 | S6 : -9.575471878051
V0 : 0.0210274383425 | V1 : 0.0160858649760 | V2 : 0.0189326293766
V3 : 0.0255556404590 | V4 : 0.0211484208703 | V5 : 0.0233401302248
V6 : 0.0221175607293 | VR0 : 0.013817200437 | VR1 : 0.006663309875
VR2 : 0.008016086183 | VR3 : 0.015903981402 | VR4 : 0.005161805544
VR5 : 0.011948339641 | VR6 : 0.006985257379 | VS0 : -9.24408245086
VS1 : -9.94321250915 | VS2 : -9.84236526489 | VS3 : -9.31387805938
VS4 : -9.95895767211 | VS5 : -9.77625656127 | VS6 : -9.66341209411
T : 235.927925825119

                                                                                                    
                                                                                                    
5 iterations | 0.0 Hz
M0 : 0.0232985578477 | M1 : 0.0248913206160 | M2 : 0.0191139671951
M3 : 0.0425766445696 | M4 : 0.0283815152943 | M5 : 0.0356830656528
M6 : 0.0358232930302 | R0 : 0.0067138108424 | R1 : 0.0034760138951
R2 : 0.0032702025491 | R3 : 0.0019327015615 | R4 : 0.0027721256483
R5 : 0.0052342722192 | R6 : 0.0073846033774 | S0 : -9.712113380432
S1 : -9.834945678710 | S2 : -9.677132606506 | S3 : -9.751881599426
S4 : -9.930503845214 | S5 : -9.990154266357 | S6 : -9.600561141967
V0 : 0.0191010739654 | V1 : 0.0152725679799 | V2 : 0.0161032006144
V3 : 0.0194166135042 | V4 : 0.0194296948611 | V5 : 0.0175324324518
V6 : 0.0263732839375 | VR0 : 0.010173082351 | VR1 : 0.006122842896
VR2 : 0.007052063010 | VR3 : 0.004612034652 | VR4 : 0.004897615406
VR5 : 0.007249428890 | VR6 : 0.009402696974 | VS0 : -9.79735374450
VS1 : -9.90205478668 | VS2 : -9.64020729064 | VS3 : -9.79962730407
VS4 : -9.96224498748 | VS5 : -10.0251150131 | VS6 : -9.63660907745
T : 279.688295841217

                                                                                                    
                                                                                                    
6 iterations | 0.0 Hz
M0 : 0.0256474856287 | M1 : 0.0181384086608 | M2 : 0.0311779007315
M3 : 0.0347234718501 | M4 : 0.0259445756673 | M5 : 0.0275164358317
M6 : 0.0201764330267 | R0 : 0.0066119926050 | R1 : 0.0075242719613
R2 : 0.0035288578364 | R3 : 0.0041823866777 | R4 : 0.0022107246331
R5 : 0.0035704134497 | R6 : 0.0022595985792 | S0 : -9.977629661560
S1 : -9.550864219665 | S2 : -9.019127845764 | S3 : -9.883437156677
S4 : -9.599882125854 | S5 : -9.902215003967 | S6 : -9.839357376098
V0 : 0.0188842844218 | V1 : 0.0169897917658 | V2 : 0.0141563266515
V3 : 0.0284870415925 | V4 : 0.0166483912616 | V5 : 0.0161979459226
V6 : 0.0146724907681 | VR0 : 0.014288080856 | VR1 : 0.008573985658
VR2 : 0.005685177631 | VR3 : 0.014313492923 | VR4 : 0.002819892019
VR5 : 0.006476344075 | VR6 : 0.003978050313 | VS0 : -10.0358972549
VS1 : -9.53232288360 | VS2 : -9.08852863311 | VS3 : -9.89620590209
VS4 : -9.60279178619 | VS5 : -9.95110034942 | VS6 : -9.86872673034
T : 326.730398416519

                                                                                                    
                                                                                                    
7 iterations | 0.0 Hz
M0 : 0.0217755474150 | M1 : 0.0226148217916 | M2 : 0.0185150038450
M3 : 0.0281641688197 | M4 : 0.0168189648538 | M5 : 0.0204809680581
M6 : 0.0187458414584 | R0 : 0.0038284359034 | R1 : 0.0063847471028
R2 : 0.0045675639994 | R3 : 0.0209188032895 | R4 : 0.0024058953858
R5 : 0.0045378501527 | R6 : 0.0019117622869 | S0 : -8.533136367797
S1 : -9.976504325866 | S2 : -9.836606979370 | S3 : -9.947846412658
S4 : -9.290168762207 | S5 : -10.11530399322 | S6 : -10.29661941528
V0 : 0.0148483375087 | V1 : 0.0192947350442 | V2 : 0.0121509777382
V3 : 0.0199364479631 | V4 : 0.0154185751453 | V5 : 0.0131715433672
V6 : 0.0129011506214 | VR0 : 0.006114435382 | VR1 : 0.011685729958
VR2 : 0.006109140347 | VR3 : 0.019757004454 | VR4 : 0.003335961373
VR5 : 0.004827275406 | VR6 : 0.002955557079 | VS0 : -8.58754348754
VS1 : -9.96867752075 | VS2 : -9.89409637451 | VS3 : -9.95111083984
VS4 : -9.36167907714 | VS5 : -10.1664466857 | VS6 : -10.4077310562
T : 374.014582395553

                                                                                                    
                                                                                                    
8 iterations | 0.0 Hz
M0 : 0.0211145710200 | M1 : 0.0187553782016 | M2 : 0.0158846732228
M3 : 0.0364799201488 | M4 : 0.0158637650310 | M5 : 0.0143981911242
M6 : 0.0227164942771 | R0 : 0.0059907711111 | R1 : 0.0033106780610
R2 : 0.0065744589082 | R3 : 0.0127290403470 | R4 : 0.0018212777795
R5 : 0.0032719378359 | R6 : 0.0028998113702 | S0 : -9.767039299011
S1 : -9.923540115356 | S2 : -10.02050971984 | S3 : -9.776928901672
S4 : -9.551958084106 | S5 : -10.11666202545 | S6 : -10.42978191375
V0 : 0.0157442744821 | V1 : 0.0114276092499 | V2 : 0.0128303719684
V3 : 0.0255805701017 | V4 : 0.0192103926092 | V5 : 0.0107027469202
V6 : 0.0119268232956 | VR0 : 0.008435125462 | VR1 : 0.003819183679
VR2 : 0.006083634681 | VR3 : 0.021252216771 | VR4 : 0.004034087527
VR5 : 0.004102974198 | VR6 : 0.002782028866 | VS0 : -9.80620956420
VS1 : -10.0273418426 | VS2 : -10.0241584777 | VS3 : -9.75959682464
VS4 : -9.47991371154 | VS5 : -10.2056856155 | VS6 : -10.4652700424
T : 421.376184463501

                                                                                                    
                                                                                                    
9 iterations | 0.0 Hz
M0 : 0.0181032828986 | M1 : 0.0444505997002 | M2 : 0.0226477552205
M3 : 0.0203685909509 | M4 : 0.0274339411407 | M5 : 0.0180087387561
M6 : 0.0138727789744 | R0 : 0.0035476272460 | R1 : 0.1284492015838
R2 : 0.0029234390240 | R3 : 0.0031030946411 | R4 : 0.0025960858911
R5 : 0.0021149052772 | R6 : 0.0018578192684 | S0 : -9.728814125061
S1 : -9.555211067199 | S2 : -9.749644279479 | S3 : -10.12633037567
S4 : -9.466097831726 | S5 : -10.24072170257 | S6 : -7.286950111389
V0 : 0.0112972343340 | V1 : 0.0595469288527 | V2 : 0.0097988471388
V3 : 0.0101526333019 | V4 : 0.0141124594956 | V5 : 0.0092388754710
V6 : 0.0100134238600 | VR0 : 0.004291747231 | VR1 : 0.172348514199
VR2 : 0.004841850139 | VR3 : 0.002971163252 | VR4 : 0.002992948517
VR5 : 0.003232474671 | VR6 : 0.002518623135 | VS0 : -9.76468181610
VS1 : -9.42899322509 | VS2 : -9.89310169219 | VS3 : -10.2106533050
VS4 : -9.57810783386 | VS5 : -10.3231163024 | VS6 : -7.38363552093
T : 468.623046875

                                                                                                    
                                                                                                    
10 iterations | 0.0 Hz
M0 : 0.0158645231276 | M1 : 0.0266381539404 | M2 : 0.0181227456778
M3 : 0.0167865417897 | M4 : 0.0171886533498 | M5 : 0.0173580087721
M6 : 0.0188830401748 | R0 : 0.0032825556118 | R1 : 0.0064164060167
R2 : 0.0018348135054 | R3 : 0.0017484201816 | R4 : 0.0024482870940
R5 : 0.0016468636458 | R6 : 0.0018708591815 | S0 : -10.24572277069
S1 : -9.357116699218 | S2 : -10.42845535278 | S3 : -10.43929100036
S4 : -10.06605625152 | S5 : -10.15381717681 | S6 : -10.49912452697
V0 : 0.0131488228216 | V1 : 0.0112522598356 | V2 : 0.0072129964828
V3 : 0.0100691216066 | V4 : 0.0129919117316 | V5 : 0.0096417758613
V6 : 0.0090439049527 | VR0 : 0.006441590376 | VR1 : 0.008150815963
VR2 : 0.004271559417 | VR3 : 0.002718846546 | VR4 : 0.003633100539
VR5 : 0.002648779423 | VR6 : 0.001973835984 | VS0 : -10.1484594345
VS1 : -9.47665405273 | VS2 : -10.4588003158 | VS3 : -10.4830417633
VS4 : -10.0416688919 | VS5 : -10.1462783813 | VS6 : -10.5147762298
T : 515.537103176117

                                                                                                    
                                                                                                    
11 iterations | 0.0 Hz
M0 : 0.0194204747676 | M1 : 0.0136301629245 | M2 : 0.0080048935487
M3 : 0.0102964174002 | M4 : 0.0112861311063 | M5 : 0.0203785747289
M6 : 0.0166350584477 | R0 : 0.0017103987047 | R1 : 0.0027896056417
R2 : 0.0023894112091 | R3 : 0.0010521394433 | R4 : 0.0028066497761
R5 : 0.0030770013108 | R6 : 0.0029995022341 | S0 : -10.58497810363
S1 : -9.956282615661 | S2 : -10.42769527435 | S3 : -10.58191776275
S4 : -10.12281227111 | S5 : -10.08999156951 | S6 : -10.16471767425
V0 : 0.0078415637835 | V1 : 0.0072819432243 | V2 : 0.0105183878913
V3 : 0.0087304171174 | V4 : 0.0108476513996 | V5 : 0.0087490938603
V6 : 0.0129343550652 | VR0 : 0.004153872374 | VR1 : 0.003146709641
VR2 : 0.004508233163 | VR3 : 0.001986757386 | VR4 : 0.005534234922
VR5 : 0.006337739061 | VR6 : 0.004104561172 | VS0 : -10.6579895019
VS1 : -9.98334407806 | VS2 : -10.3031463623 | VS3 : -10.4986457824
VS4 : -10.0834484100 | VS5 : -10.0955200195 | VS6 : -10.1324396133
T : 562.847695827484

                                                                                                    
                                                                                                    
12 iterations | 0.0 Hz
M0 : 0.0085078477859 | M1 : 0.0143000865355 | M2 : 0.0127259027212
M3 : 0.0111763989552 | M4 : 0.0153687847778 | M5 : 0.0241353455930
M6 : 0.0143472217023 | R0 : 0.0018783587729 | R1 : 0.0039426633156
R2 : 0.0013457027962 | R3 : 0.0023264728952 | R4 : 0.0016195530770
R5 : 0.0118433628231 | R6 : 0.0031472984701 | S0 : -10.07084178924
S1 : -9.217408180236 | S2 : -10.65916633605 | S3 : -10.30456733703
S4 : -10.55087471008 | S5 : -9.683436393737 | S6 : -9.376818656921
V0 : 0.0080693839117 | V1 : 0.0084919156506 | V2 : 0.0059764785692
V3 : 0.0085292272269 | V4 : 0.0088681047782 | V5 : 0.0154920537024
V6 : 0.0095605971291 | VR0 : 0.003981565590 | VR1 : 0.005674343556
VR2 : 0.003403524169 | VR3 : 0.006842967122 | VR4 : 0.002589299576
VR5 : 0.013989457860 | VR6 : 0.004505928140 | VS0 : -10.0192403793
VS1 : -9.18576049804 | VS2 : -10.6173400878 | VS3 : -10.2970485687
VS4 : -10.5595483779 | VS5 : -9.81705951690 | VS6 : -9.39230918884
T : 610.045253276825

                                                                                                    
                                                                                                    
13 iterations | 0.0 Hz
M0 : 0.0161080695688 | M1 : 0.0200321655720 | M2 : 0.0128033561632
M3 : 0.0090293977409 | M4 : 0.0148890633136 | M5 : 0.0141376648098
M6 : 0.0172152146697 | R0 : 0.0029759225435 | R1 : 0.0211155209690
R2 : 0.0028177415952 | R3 : 0.0012383048888 | R4 : 0.0012950134696
R5 : 0.0023662799503 | R6 : 0.0013237652601 | S0 : -10.14005565643
S1 : -10.21620368957 | S2 : -10.60395240783 | S3 : -10.08959770202
S4 : -10.55846118927 | S5 : -10.50221824645 | S6 : -10.46426010131
V0 : 0.0075833667069 | V1 : 0.0207915119826 | V2 : 0.0083753075450
V3 : 0.0073842089623 | V4 : 0.0085351755842 | V5 : 0.0085346074774
V6 : 0.0072164447046 | VR0 : 0.003300808137 | VR1 : 0.023842141032
VR2 : 0.004014346282 | VR3 : 0.001621776144 | VR4 : 0.002278927946
VR5 : 0.004160824697 | VR6 : 0.002231525955 | VS0 : -10.2117099761
VS1 : -10.2840929031 | VS2 : -10.5942106246 | VS3 : -10.0175790786
VS4 : -10.6409997940 | VS5 : -10.4106349945 | VS6 : -10.5458679199
T : 657.093423604965

                                                                                                    
                                                                                                    
14 iterations | 0.0 Hz
M0 : 0.0100470753386 | M1 : 0.0105568729341 | M2 : 0.0155928591266
M3 : 0.0186957996338 | M4 : 0.0108216060325 | M5 : 0.0171220470219
M6 : 0.0134958252310 | R0 : 0.0045728413388 | R1 : 0.0022625087294
R2 : 0.0024546035565 | R3 : 0.0022189063020 | R4 : 0.0030412343330
R5 : 0.0017078189412 | R6 : 0.0096492329612 | S0 : -10.68648052215
S1 : -10.69886684417 | S2 : -8.427391052246 | S3 : -10.54084205627
S4 : -10.52459049224 | S5 : -10.02074146270 | S6 : -8.327377319335
V0 : 0.0103765949606 | V1 : 0.0063032959587 | V2 : 0.0058071496896
V3 : 0.0071417302824 | V4 : 0.0118309110403 | V5 : 0.0063526355661
V6 : 0.0108387852087 | VR0 : 0.005156267434 | VR1 : 0.002924125641
VR2 : 0.002754380227 | VR3 : 0.001819144468 | VR4 : 0.008883998729
VR5 : 0.003220189595 | VR6 : 0.008385816588 | VS0 : -10.5579280853
VS1 : -10.6715116500 | VS2 : -8.52035236358 | VS3 : -10.6152200698
VS4 : -10.5442619323 | VS5 : -10.1061487197 | VS6 : -8.33008766174
T : 704.284870862960

                                                                                                    
                                                                                                    
15 iterations | 0.0 Hz
M0 : 0.0158309880644 | M1 : 0.0111570591107 | M2 : 0.0174628142267
M3 : 0.0147918304428 | M4 : 0.0141436280682 | M5 : 0.0163686033338
M6 : 0.0129848942160 | R0 : 0.0021140251774 | R1 : 0.0015704602701
R2 : 0.0063293436542 | R3 : 0.0015788252931 | R4 : 0.0030328549910
R5 : 0.0013667974853 | R6 : 0.0024950599763 | S0 : -10.34053134918
S1 : -10.79483699798 | S2 : -10.18161010742 | S3 : -9.709167480468
S4 : -10.31172752380 | S5 : -10.68873310089 | S6 : -10.20327186584
V0 : 0.0084526967257 | V1 : 0.0070252465084 | V2 : 0.0083129890263
V3 : 0.0076247444376 | V4 : 0.0063866502605 | V5 : 0.0050006620585
V6 : 0.0078302053734 | VR0 : 0.002972408197 | VR1 : 0.001919555012
VR2 : 0.006239046342 | VR3 : 0.004408552311 | VR4 : 0.002837093314
VR5 : 0.002171512227 | VR6 : 0.004076110664 | VS0 : -10.4287719726
VS1 : -10.8835029602 | VS2 : -10.2730951309 | VS3 : -9.66624832153
VS4 : -10.5202331542 | VS5 : -10.7327661514 | VS6 : -10.1315450668
T : 751.179004192352

                                                                                                    
                                                                                                    
16 iterations | 0.0 Hz
M0 : 0.0119064021855 | M1 : 0.0135458242148 | M2 : 0.0124836675822
M3 : 0.0142437778413 | M4 : 0.0106639536097 | M5 : 0.0144471358507
M6 : 0.2156985104084 | R0 : 0.0031652878969 | R1 : 0.0036713206209
R2 : 0.0031380138825 | R3 : 0.0017117055831 | R4 : 0.0017941950354
R5 : 0.0063805570825 | R6 : 1.9658656120300 | S0 : -10.17407512664
S1 : -10.56985759735 | S2 : -10.30148601531 | S3 : -10.76523113250
S4 : -10.63663196563 | S5 : -10.25134277343 | S6 : -8.848595619201
V0 : 0.0075828582048 | V1 : 0.0072654122486 | V2 : 0.0063647348433
V3 : 0.0054671461693 | V4 : 0.0059591550379 | V5 : 0.0084257386624
V6 : 0.2133473306894 | VR0 : 0.005073845852 | VR1 : 0.004400790669
VR2 : 0.003664516145 | VR3 : 0.002183903707 | VR4 : 0.001334738335
VR5 : 0.007184245157 | VR6 : 1.992426872253 | VS0 : -10.1127357482
VS1 : -10.6184597015 | VS2 : -10.3638811111 | VS3 : -10.8617897033
VS4 : -10.7148456573 | VS5 : -10.2497615814 | VS6 : -9.00799465179
T : 798.092031955719

                                                                                                    
                                                                                                    
17 iterations | 0.0 Hz
M0 : 0.0108749736100 | M1 : 0.0259759239852 | M2 : 0.0201923288404
M3 : 0.0105021633207 | M4 : 0.0063370908610 | M5 : 0.0109348623082
M6 : 0.0133384699001 | R0 : 0.0012783856363 | R1 : 0.0020304531790
R2 : 0.0059901922941 | R3 : 0.0011172232916 | R4 : 0.0022551189176
R5 : 0.0037001187447 | R6 : 0.0011983690783 | S0 : -10.56813049316
S1 : -10.83807849884 | S2 : -10.10707378387 | S3 : -10.42948818206
S4 : -10.06283664703 | S5 : -9.921942710876 | S6 : -10.41996097564
V0 : 0.0056408881209 | V1 : 0.0064063272438 | V2 : 0.0090097039937
V3 : 0.0053058257326 | V4 : 0.0054684337228 | V5 : 0.0080557996407
V6 : 0.0060237720608 | VR0 : 0.002096588723 | VR1 : 0.003809978486
VR2 : 0.006697417702 | VR3 : 0.001845083548 | VR4 : 0.001783279236
VR5 : 0.004238446243 | VR6 : 0.002515947213 | VS0 : -10.6376152038
VS1 : -10.8722410202 | VS2 : -10.1402330398 | VS3 : -10.4219932556
VS4 : -10.0983028411 | VS5 : -9.86320686340 | VS6 : -10.4481601715
T : 844.828479528427

                                                                                                    
                                                                                                    
18 iterations | 0.0 Hz
M0 : 0.0093664666637 | M1 : 0.0107935406267 | M2 : 0.0327527076005
M3 : 0.0095409816130 | M4 : 0.0082897888496 | M5 : 0.0159848891198
M6 : 0.0561462789773 | R0 : 0.0014981122221 | R1 : 0.0010143762920
R2 : 0.0309178140014 | R3 : 0.0049565131776 | R4 : 0.0044428156688
R5 : 0.0052521103061 | R6 : 0.1472850590944 | S0 : -9.816680908203
S1 : -10.71332263946 | S2 : -9.969348907470 | S3 : -10.60738086700
S4 : -10.06060314178 | S5 : -10.60989475250 | S6 : -9.502655029296
V0 : 0.0052588544785 | V1 : 0.0056060859933 | V2 : 0.0221569370478
V3 : 0.0095203071832 | V4 : 0.0081265987828 | V5 : 0.0088838087394
V6 : 0.0523599423468 | VR0 : 0.001896056463 | VR1 : 0.001821711310
VR2 : 0.035896871238 | VR3 : 0.013546583242 | VR4 : 0.007403728086
VR5 : 0.004700873978 | VR6 : 0.164396613836 | VS0 : -9.94745063781
VS1 : -10.7408132553 | VS2 : -10.0329465866 | VS3 : -10.5892763137
VS4 : -9.98216152191 | VS5 : -10.6336536407 | VS6 : -9.54653263092
T : 891.820322990417

                                                                                                    
                                                                                                    
19 iterations | 0.0 Hz
M0 : 0.0096521563827 | M1 : 0.0053087836131 | M2 : 0.0142089901491
M3 : 0.0077237123623 | M4 : 0.0111857103183 | M5 : 0.0112354299053
M6 : 0.0130933132022 | R0 : 0.0019109378335 | R1 : 0.0023339272011
R2 : 0.0019687698222 | R3 : 0.0069092712365 | R4 : 0.0022376573178
R5 : 0.0024756826460 | R6 : 0.0049572652205 | S0 : -10.06168174743
S1 : -10.83609580993 | S2 : -10.74688625335 | S3 : -10.68536567687
S4 : -10.47263526916 | S5 : -10.72755336761 | S6 : -10.52573490142
V0 : 0.0066280830651 | V1 : 0.0063798562623 | V2 : 0.0054580359719
V3 : 0.0089174192398 | V4 : 0.0071410257369 | V5 : 0.0054762074723
V6 : 0.0080978339537 | VR0 : 0.002022239379 | VR1 : 0.002187905833
VR2 : 0.003051984123 | VR3 : 0.009570010937 | VR4 : 0.002631512936
VR5 : 0.002148225205 | VR6 : 0.004650448448 | VS0 : -10.0877561569
VS1 : -10.8228378295 | VS2 : -10.8288459777 | VS3 : -10.6683845520
VS4 : -10.4300889968 | VS5 : -10.7751855850 | VS6 : -10.5842971801
T : 938.856564998626

                                                                                                    
                                                                                                    
20 iterations | 0.0 Hz
M0 : 0.0105382427573 | M1 : 0.0060758944600 | M2 : 0.0108632678166
M3 : 0.0148380966857 | M4 : 0.0097856232896 | M5 : 0.0110535630956
M6 : 0.0080589158460 | R0 : 0.0024846729356 | R1 : 0.0018033175729
R2 : 0.0040127616375 | R3 : 0.0032688556239 | R4 : 0.0043830932117
R5 : 0.0038640508428 | R6 : 0.0010070741409 | S0 : -10.59627532958
S1 : -10.94175052642 | S2 : -10.88317108154 | S3 : -10.19607162475
S4 : -9.805500984191 | S5 : -10.76334857940 | S6 : -10.78562641143
V0 : 0.0084776263684 | V1 : 0.0063840998336 | V2 : 0.0054465704597
V3 : 0.0069131087511 | V4 : 0.0066221207380 | V5 : 0.0066168829798
V6 : 0.0053233788348 | VR0 : 0.004380319733 | VR1 : 0.002723983023
VR2 : 0.003317454596 | VR3 : 0.002885177033 | VR4 : 0.004140406381
VR5 : 0.002872262382 | VR6 : 0.002448686631 | VS0 : -10.5417108535
VS1 : -10.9731998443 | VS2 : -10.8399238586 | VS3 : -10.2240915298
VS4 : -9.90064525604 | VS5 : -10.8449316024 | VS6 : -10.8250188827
T : 985.721675157547

                                                                                                    
                                                                                                    
21 iterations | 0.0 Hz
M0 : 0.0141268884763 | M1 : 0.0145550072193 | M2 : 0.0115978335961
M3 : 0.0257927644997 | M4 : 0.0106586301699 | M5 : 0.0054461341351
M6 : 0.0170534010976 | R0 : 0.0061714290641 | R1 : 0.0016842985060
R2 : 0.0024867677129 | R3 : 0.0537090599536 | R4 : 0.0024485907051
R5 : 0.0022127251140 | R6 : 0.0145446015521 | S0 : -10.01882171630
S1 : -11.10671806335 | S2 : -10.79008769989 | S3 : -9.739127159118
S4 : -10.81219482421 | S5 : -10.70441913604 | S6 : -10.32026195526
V0 : 0.0080986181274 | V1 : 0.0046750642359 | V2 : 0.0059750345535
V3 : 0.0178228989243 | V4 : 0.0061020134016 | V5 : 0.0073626767843
V6 : 0.0130893653258 | VR0 : 0.005213124677 | VR1 : 0.001394164632
VR2 : 0.004919358994 | VR3 : 0.035719443112 | VR4 : 0.001541324891
VR5 : 0.002720076823 | VR6 : 0.022203937172 | VS0 : -10.0328407287
VS1 : -11.1569843292 | VS2 : -10.8110456466 | VS3 : -9.86178398132
VS4 : -10.8544178009 | VS5 : -10.7740182876 | VS6 : -10.2336301803
T : 1032.69876503944

                                                                                                    
                                                                                                    
22 iterations | 0.0 Hz
M0 : 0.0178532674908 | M1 : 0.0036882606800 | M2 : 0.0073575126007
M3 : 0.0200859829783 | M4 : 0.0076204165816 | M5 : 0.0078562004491
M6 : 0.0158016420900 | R0 : 0.0162404570728 | R1 : 0.0018969617085
R2 : 0.0031919181346 | R3 : 0.0040481407195 | R4 : 0.0011531162308
R5 : 0.0011313321301 | R6 : 0.0564867630600 | S0 : -10.42770385742
S1 : -10.83239650726 | S2 : -10.89479446411 | S3 : -10.57274532318
S4 : -10.54610824584 | S5 : -10.70459270477 | S6 : -10.66143417358
V0 : 0.0122349783778 | V1 : 0.0098019558936 | V2 : 0.0059343599714
V3 : 0.0067389369942 | V4 : 0.0045478888787 | V5 : 0.0048228753730
V6 : 0.0085510304197 | VR0 : 0.010302552953 | VR1 : 0.001984890084
VR2 : 0.006296331062 | VR3 : 0.003440300235 | VR4 : 0.001041725277
VR5 : 0.001980751520 | VR6 : 0.034000601619 | VS0 : -10.5116176605
VS1 : -10.7644243240 | VS2 : -10.8922681808 | VS3 : -10.6477327346
VS4 : -10.5489130020 | VS5 : -10.6779460906 | VS6 : -10.6892547607
T : 1079.62073469161

                                                                                                    
                                                                                                    
23 iterations | 0.0 Hz
M0 : 0.0072067584842 | M1 : 0.0134072955697 | M2 : 0.0100490758195
M3 : 0.0091944672167 | M4 : 0.0114774731919 | M5 : 0.0075021744705
M6 : 0.0091689527034 | R0 : 0.0028355298563 | R1 : 0.0011950128246
R2 : 0.0032024669926 | R3 : 0.0034023746848 | R4 : 0.0022629240993
R5 : 0.0014828291023 | R6 : 0.0021752675529 | S0 : -10.33596992492
S1 : -10.78800106048 | S2 : -10.55206203460 | S3 : -10.57932376861
S4 : -10.78968620300 | S5 : -11.12120056152 | S6 : -10.94140052795
V0 : 0.0061648138798 | V1 : 0.0042818305082 | V2 : 0.0056884749792
V3 : 0.0060570240020 | V4 : 0.0054488917812 | V5 : 0.0044665918685
V6 : 0.0039190454408 | VR0 : 0.002401732839 | VR1 : 0.001468970323
VR2 : 0.003976009320 | VR3 : 0.005057075526 | VR4 : 0.002688357373
VR5 : 0.001579030766 | VR6 : 0.001662490773 | VS0 : -10.4504289627
VS1 : -10.8654403686 | VS2 : -10.5832128524 | VS3 : -10.5234155654
VS4 : -10.8098230361 | VS5 : -11.0751123428 | VS6 : -10.9912633895
T : 1126.60268425941

                                                                                                    
                                                                                                    
24 iterations | 0.0 Hz
M0 : 0.0054174489341 | M1 : 0.0083802798762 | M2 : 0.0089677544310
M3 : 0.0132844364270 | M4 : 0.0206837914884 | M5 : 0.0086571462452
M6 : 0.0080659464001 | R0 : 0.0049659353680 | R1 : 0.0034299835097
R2 : 0.0014455058844 | R3 : 0.0027466795872 | R4 : 0.0371654890477
R5 : 0.0020040865056 | R6 : 0.0041314316913 | S0 : -10.85338401794
S1 : -10.47947692871 | S2 : -10.76471900939 | S3 : -10.24176025390
S4 : -10.44948768615 | S5 : -10.70252513885 | S6 : -10.91419410705
V0 : 0.0070474846288 | V1 : 0.0048979502171 | V2 : 0.0046402132138
V3 : 0.0057755289599 | V4 : 0.0096448017284 | V5 : 0.0050538540817
V6 : 0.0052330042235 | VR0 : 0.002776447916 | VR1 : 0.002031285082
VR2 : 0.001864437130 | VR3 : 0.004571438767 | VR4 : 0.035118721425
VR5 : 0.002018643310 | VR6 : 0.004009856842 | VS0 : -10.9509325027
VS1 : -10.5803489685 | VS2 : -10.7911014556 | VS3 : -10.3027820587
VS4 : -10.4082860946 | VS5 : -10.7933588027 | VS6 : -10.9741430282
T : 1173.88746070861

                                                                                                    
                                                                                                    
25 iterations | 0.0 Hz
M0 : 0.0108133815228 | M1 : 0.0065615209750 | M2 : 0.0122171482071
M3 : 0.0142469611018 | M4 : 0.0110326521098 | M5 : 0.0090210605412
M6 : 0.0090484693646 | R0 : 0.0053916932083 | R1 : 0.0042734961025
R2 : 0.0033792548347 | R3 : 0.0028088593389 | R4 : 0.0017574229277
R5 : 0.0020329782273 | R6 : 0.0019407157087 | S0 : -10.30128669738
S1 : -10.79749679565 | S2 : -10.81658363342 | S3 : -11.03383255004
S4 : -10.74152183532 | S5 : -9.872659683227 | S6 : -10.27044486999
V0 : 0.0087051959708 | V1 : 0.0066617643460 | V2 : 0.0048413113690
V3 : 0.0055941399186 | V4 : 0.0056552691385 | V5 : 0.0044796620495
V6 : 0.0039766672998 | VR0 : 0.009838271886 | VR1 : 0.005493381526
VR2 : 0.003662200644 | VR3 : 0.002928440459 | VR4 : 0.002132857684
VR5 : 0.001087720622 | VR6 : 0.001928088837 | VS0 : -10.3874893188
VS1 : -10.7945775985 | VS2 : -10.8868246078 | VS3 : -11.0071744918
VS4 : -10.7605886459 | VS5 : -10.0578050613 | VS6 : -10.2698841094
T : 1220.76060676574

                                                                                                    
                                                                                                    
26 iterations | 0.0 Hz
M0 : 0.0075843948870 | M1 : 0.0055404193699 | M2 : 0.0134149705991
M3 : 0.0100026829168 | M4 : 0.0076013803482 | M5 : 0.0083807716146
M6 : 0.0065250080078 | R0 : 0.0011451201280 | R1 : 0.0015863251173
R2 : 0.0052815089002 | R3 : 0.0065373475663 | R4 : 0.0069514657370
R5 : 0.0019676985684 | R6 : 0.0015440649585 | S0 : -10.93637943267
S1 : -10.99451065063 | S2 : -9.426371574401 | S3 : -10.75322628021
S4 : -10.89059543609 | S5 : -10.92190647125 | S6 : -10.73019981384
V0 : 0.0048099821433 | V1 : 0.0055462680757 | V2 : 0.0075519150123
V3 : 0.0067257061600 | V4 : 0.0070567815564 | V5 : 0.0051367166452
V6 : 0.0050372360274 | VR0 : 0.001003273995 | VR1 : 0.003415467217
VR2 : 0.005255742464 | VR3 : 0.005811674520 | VR4 : 0.010735133662
VR5 : 0.001883721444 | VR6 : 0.002289208816 | VS0 : -10.9765377044
VS1 : -10.9630403518 | VS2 : -9.48755264282 | VS3 : -10.8809995651
VS4 : -10.7771329879 | VS5 : -10.9466505050 | VS6 : -10.7364063262
T : 1267.64343047142

                                                                                                    
                                                                                                    
27 iterations | 0.0 Hz
M0 : 0.0098464153707 | M1 : 0.0081286355853 | M2 : 0.0125189302489
M3 : 0.0135823776945 | M4 : 0.0076244422234 | M5 : 0.0147846713662
M6 : 0.0182544365525 | R0 : 0.0024703927338 | R1 : 0.0017169422935
R2 : 0.0025459660682 | R3 : 0.0014826314290 | R4 : 0.0026401416398
R5 : 0.0536630563437 | R6 : 0.0015945448540 | S0 : -10.96178245544
S1 : -10.93777370452 | S2 : -10.19022846221 | S3 : -10.75013637542
S4 : -10.48165893554 | S5 : -10.46134567260 | S6 : -8.257303237915
V0 : 0.0069589763879 | V1 : 0.0043696640059 | V2 : 0.0046060685999
V3 : 0.0051447604782 | V4 : 0.0062564704567 | V5 : 0.0103182503953
V6 : 0.0041442662477 | VR0 : 0.003679018467 | VR1 : 0.002951339352
VR2 : 0.002858880907 | VR3 : 0.003199459519 | VR4 : 0.003096358617
VR5 : 0.033257119357 | VR6 : 0.001858060597 | VS0 : -10.9442548751
VS1 : -11.0048227310 | VS2 : -10.3497619628 | VS3 : -10.8114891052
VS4 : -10.5504226684 | VS5 : -10.5468845367 | VS6 : -8.37911987304
T : 1314.72312927246

                                                                                                    
                                                                                                    
28 iterations | 0.0 Hz
M0 : 0.0096289487555 | M1 : 0.0134377880021 | M2 : 0.0054015475325
M3 : 0.0056946245022 | M4 : 0.0111698936671 | M5 : 0.0132618183270
M6 : 0.0101744867861 | R0 : 0.0012943696929 | R1 : 0.0019513185834
R2 : 0.0014309714315 | R3 : 0.0009178073378 | R4 : 0.0085736727342
R5 : 0.0030353253241 | R6 : 0.0014975157100 | S0 : -8.100202560424
S1 : -10.86109638214 | S2 : -9.721206665039 | S3 : -11.05923175811
S4 : -10.83965206146 | S5 : -10.69124031066 | S6 : -11.09457206726
V0 : 0.0044957790523 | V1 : 0.0046912631951 | V2 : 0.0038128169253
V3 : 0.0044175935909 | V4 : 0.0075678317807 | V5 : 0.0049505573697
V6 : 0.0036456270609 | VR0 : 0.001671979203 | VR1 : 0.002280477900
VR2 : 0.001451268210 | VR3 : 0.001156500540 | VR4 : 0.006214111112
VR5 : 0.005508982576 | VR6 : 0.001302429242 | VS0 : -8.11780643463
VS1 : -10.8447685241 | VS2 : -9.75985813140 | VS3 : -11.1211347579
VS4 : -10.8856143951 | VS5 : -10.6978111267 | VS6 : -11.1807689666
T : 1361.53870248794

                                                                                                    
                                                                                                    
29 iterations | 0.0 Hz
M0 : 0.0076012467034 | M1 : 0.0045108217746 | M2 : 0.0296356473118
M3 : 0.0056257206015 | M4 : 0.0109908292070 | M5 : 0.0031637072097
M6 : 0.0149695985019 | R0 : 0.0025919491890 | R1 : 0.0019632822368
R2 : 0.0027485571336 | R3 : 0.0015541727188 | R4 : 0.0058409408666
R5 : 0.0011775199091 | R6 : 0.0102858068421 | S0 : -11.15677165985
S1 : -11.33875083923 | S2 : -10.66992950439 | S3 : -10.67020416259
S4 : -10.75786209106 | S5 : -10.43803215026 | S6 : -10.33963203430
V0 : 0.0053618801757 | V1 : 0.0044032619334 | V2 : 0.0053340313024
V3 : 0.0050948970019 | V4 : 0.0074055986478 | V5 : 0.0049593229778
V6 : 0.0068928347900 | VR0 : 0.001344560761 | VR1 : 0.002184481360
VR2 : 0.003466270631 | VR3 : 0.002562653506 | VR4 : 0.009254758246
VR5 : 0.002566790208 | VR6 : 0.012439710088 | VS0 : -11.1680212020
VS1 : -11.3511266708 | VS2 : -10.7719688415 | VS3 : -10.6745157241
VS4 : -10.7553710937 | VS5 : -10.4200630187 | VS6 : -10.3219633102
T : 1408.48095154762

                                                                                                    
                                                                                                    
30 iterations | 0.0 Hz
M0 : 0.0086564254015 | M1 : 0.0044802506454 | M2 : 0.0136201214045
M3 : 0.0089427148923 | M4 : 0.0111271878704 | M5 : 0.0100327674299
M6 : 0.0054225139319 | R0 : 0.0031194388866 | R1 : 0.0025367659982
R2 : 0.0287598893046 | R3 : 0.0015818801475 | R4 : 0.0015633900184
R5 : 0.0019714643713 | R6 : 0.0017789801349 | S0 : -10.97360420227
S1 : -10.60434341430 | S2 : -10.53447151184 | S3 : -10.91383457183
S4 : -11.12304210662 | S5 : -11.00581073760 | S6 : -10.52605056762
V0 : 0.0074115502648 | V1 : 0.0070284572429 | V2 : 0.0111448159441
V3 : 0.0041065006516 | V4 : 0.0040167379193 | V5 : 0.0034571075811
V6 : 0.0052737775258 | VR0 : 0.003604778321 | VR1 : 0.001992699690
VR2 : 0.015019443817 | VR3 : 0.002745594130 | VR4 : 0.001378212589
VR5 : 0.001306496327 | VR6 : 0.004035960417 | VS0 : -11.0385398864
VS1 : -10.5197191238 | VS2 : -10.4817810058 | VS3 : -11.0049571990
VS4 : -11.1724910736 | VS5 : -11.0935010910 | VS6 : -10.4825162887
T : 1455.53440022468

                                                                                                    
                                                                                                    
31 iterations | 0.0 Hz
M0 : 0.0042802807874 | M1 : 0.0069351163692 | M2 : 0.0169212464243
M3 : 0.0089100440964 | M4 : 0.0200079530477 | M5 : 0.0066593447700
M6 : 0.0042979386635 | R0 : 0.0008947686292 | R1 : 0.0044793090783
R2 : 0.0024347247090 | R3 : 0.0028351175133 | R4 : 0.0230657327920
R5 : 0.0083481436595 | R6 : 0.0008519320981 | S0 : -11.20418357849
S1 : -10.38829040527 | S2 : -10.45488929748 | S3 : -11.06848812103
S4 : -10.45289802551 | S5 : -10.97979927062 | S6 : -9.985061645507
V0 : 0.0048598516732 | V1 : 0.0074095781892 | V2 : 0.0037642542738
V3 : 0.0060793720185 | V4 : 0.0132238660007 | V5 : 0.0058937841095
V6 : 0.0074967420659 | VR0 : 0.001286874292 | VR1 : 0.004166405647
VR2 : 0.001653870334 | VR3 : 0.002637851983 | VR4 : 0.010908126831
VR5 : 0.005011104512 | VR6 : 0.003221844090 | VS0 : -11.2717514038
VS1 : -10.3303222656 | VS2 : -10.4361286163 | VS3 : -11.0433082580
VS4 : -10.7313804626 | VS5 : -11.0041303634 | VS6 : -9.89928245544
T : 1502.45443677902

                                                                                                    
                                                                                                    
32 iterations | 0.0 Hz
M0 : 0.0073331571184 | M1 : 0.0057977819815 | M2 : 0.0135149080306
M3 : 0.0111213121563 | M4 : 0.0197055675089 | M5 : 0.0083735240623
M6 : 0.0172236245125 | R0 : 0.0010724662570 | R1 : 0.0011337879113
R2 : 0.0132914604619 | R3 : 0.0109344255179 | R4 : 0.0112343784421
R5 : 0.0013041193597 | R6 : 0.0089304037392 | S0 : -11.37910461425
S1 : -11.03780651092 | S2 : -7.416192531585 | S3 : -11.01220989227
S4 : -10.57257652282 | S5 : -10.89381885528 | S6 : -10.24045276641
V0 : 0.0048305047675 | V1 : 0.0054038846865 | V2 : 0.0061243581585
V3 : 0.0212710313498 | V4 : 0.0085940156131 | V5 : 0.0036460747942
V6 : 0.0075712623074 | VR0 : 0.001363475690 | VR1 : 0.003518141340
VR2 : 0.006836337968 | VR3 : 0.020058946684 | VR4 : 0.012033705599
VR5 : 0.002365122083 | VR6 : 0.008533874526 | VS0 : -11.3353443145
VS1 : -11.0262041091 | VS2 : -7.34465169906 | VS3 : -10.8096046447
VS4 : -10.6245012283 | VS5 : -10.9482059478 | VS6 : -10.1328392028
T : 1549.40331244468

                                                                                                    
                                                                                                    
33 iterations | 0.0 Hz
M0 : 0.0141767999157 | M1 : 0.0225391946732 | M2 : 0.0044107078574
M3 : 0.0078055118210 | M4 : 0.0118064573034 | M5 : 0.0121517507359
M6 : 0.0076117599382 | R0 : 0.0018860411364 | R1 : 0.0034764115698
R2 : 0.0011270737741 | R3 : 0.0026654454413 | R4 : 0.0057937288656
R5 : 0.0023049670271 | R6 : 0.0014703340129 | S0 : -10.85629558563
S1 : -11.02184867858 | S2 : -11.36435127258 | S3 : -10.61887454986
S4 : -10.98350429534 | S5 : -11.27990436553 | S6 : -10.93696117401
V0 : 0.0051458929665 | V1 : 0.0064489683136 | V2 : 0.0054208990186
V3 : 0.0073980176821 | V4 : 0.0062364363111 | V5 : 0.0044857608154
V6 : 0.0035459892824 | VR0 : 0.002299436135 | VR1 : 0.001769765047
VR2 : 0.001494135474 | VR3 : 0.006741354241 | VR4 : 0.004417567979
VR5 : 0.002571026328 | VR6 : 0.001235300092 | VS0 : -10.9296054840
VS1 : -11.0819349288 | VS2 : -11.3452310562 | VS3 : -10.6008663177
VS4 : -10.9940299987 | VS5 : -11.3829784393 | VS6 : -11.0344018936
T : 1596.37585067749

                                                                                                    
                                                                                                    
34 iterations | 0.0 Hz
M0 : 0.0133165698498 | M1 : 0.0057988557964 | M2 : 0.0063465461134
M3 : 0.0106846317648 | M4 : 0.0143110314384 | M5 : 0.0111465211957
M6 : 0.0080860527232 | R0 : 0.0149039579555 | R1 : 0.0019137258641
R2 : 0.0029655180405 | R3 : 0.0082322135567 | R4 : 0.0026233552489
R5 : 0.0006254724576 | R6 : 0.0035879560746 | S0 : -9.112846374511
S1 : -11.21382617950 | S2 : -10.93245887756 | S3 : -10.66260147094
S4 : -11.10021686553 | S5 : -10.53776931762 | S6 : -10.92287635803
V0 : 0.0094906920567 | V1 : 0.0056512840092 | V2 : 0.0046819495037
V3 : 0.0066696074791 | V4 : 0.0070914672687 | V5 : 0.0035072292666
V6 : 0.0045379973016 | VR0 : 0.011729469522 | VR1 : 0.001738210557
VR2 : 0.002670683199 | VR3 : 0.008761836215 | VR4 : 0.006020400207
VR5 : 0.001300332718 | VR6 : 0.003549266373 | VS0 : -9.18573856353
VS1 : -11.2363338470 | VS2 : -10.9063091278 | VS3 : -10.7144737243
VS4 : -11.0498208999 | VS5 : -10.4875297546 | VS6 : -10.9806308746
T : 1643.65432810783

                                                                                                    
                                                                                                    
35 iterations | 0.0 Hz
M0 : 0.0088080521672 | M1 : 0.0091762803494 | M2 : 0.0060607432387
M3 : 0.0105149187147 | M4 : 0.0069691878743 | M5 : 0.0071355313993
M6 : 0.0099764158949 | R0 : 0.0041834306903 | R1 : 0.0051530990749
R2 : 0.0019847219809 | R3 : 0.0057451496832 | R4 : 0.0015630628913
R5 : 0.0016880066832 | R6 : 0.0017374586313 | S0 : -11.02298355102
S1 : -11.26713752746 | S2 : -11.35846805572 | S3 : -11.01081657409
S4 : -11.22865867614 | S5 : -11.24110126495 | S6 : -11.09741687774
V0 : 0.0074238600209 | V1 : 0.0070019261911 | V2 : 0.0047398968599
V3 : 0.0069428668357 | V4 : 0.0044513596221 | V5 : 0.0044008479453
V6 : 0.0027557753492 | VR0 : 0.005520090926 | VR1 : 0.003803567960
VR2 : 0.002236910397 | VR3 : 0.003750303993 | VR4 : 0.001544377999
VR5 : 0.001075419946 | VR6 : 0.001043674070 | VS0 : -10.9891576766
VS1 : -11.3723363876 | VS2 : -11.4462966918 | VS3 : -11.1082582473
VS4 : -11.2408914566 | VS5 : -11.3583726882 | VS6 : -11.2268877029
T : 1690.81378793716

                                                                                                    
                                                                                                    
36 iterations | 0.0 Hz
M0 : 0.0136019997298 | M1 : 0.0073423376306 | M2 : 0.0166023299098
M3 : 0.0130225941538 | M4 : 0.0112025626003 | M5 : 0.0079197678714
M6 : 0.0056500285863 | R0 : 0.0029331287369 | R1 : 0.0009012077352
R2 : 0.0031597516499 | R3 : 0.0016315251123 | R4 : 0.0017420676304
R5 : 0.0017253627302 | R6 : 0.0011564029846 | S0 : -11.20267009735
S1 : -11.38168716430 | S2 : -10.47502136230 | S3 : -10.93114185333
S4 : -11.10296726226 | S5 : -11.27078342437 | S6 : -10.78797912597
V0 : 0.0047320658341 | V1 : 0.0040752124041 | V2 : 0.0048373793251
V3 : 0.0063123595900 | V4 : 0.0044481754302 | V5 : 0.0040623918175
V6 : 0.0042070923373 | VR0 : 0.003266621613 | VR1 : 0.001818860531
VR2 : 0.004440379794 | VR3 : 0.002186498604 | VR4 : 0.001409951015
VR5 : 0.001438975683 | VR6 : 0.001416951650 | VS0 : -11.3137369155
VS1 : -11.3903837203 | VS2 : -10.5279960632 | VS3 : -11.0049247741
VS4 : -11.1509542465 | VS5 : -11.3560209274 | VS6 : -10.7846450805
T : 1737.83184409141

                                                                                                    
                                                                                                    
37 iterations | 0.0 Hz
M0 : 0.0110166547819 | M1 : 0.0095825837925 | M2 : 0.0097643760964
M3 : 0.0141980163753 | M4 : 0.0073199379257 | M5 : 0.0136262075975
M6 : 0.0110998032614 | R0 : 0.0060359183698 | R1 : 0.0015442168805
R2 : 0.0094511620700 | R3 : 0.0063765235245 | R4 : 0.0041875694878
R5 : 0.0036249738186 | R6 : 0.0020657957065 | S0 : -11.10968112945
S1 : -11.14268684387 | S2 : -11.10694503784 | S3 : -11.05921173095
S4 : -10.60681724548 | S5 : -11.08500671386 | S6 : -11.35816669464
V0 : 0.0054282797500 | V1 : 0.0049022641032 | V2 : 0.0060753487050
V3 : 0.0071641290560 | V4 : 0.0080630667507 | V5 : 0.0068257702514
V6 : 0.0042855623178 | VR0 : 0.006035298574 | VR1 : 0.002391055459
VR2 : 0.017773037776 | VR3 : 0.003502371022 | VR4 : 0.005207666195
VR5 : 0.002772463718 | VR6 : 0.004836076870 | VS0 : -11.1209135055
VS1 : -11.1190948486 | VS2 : -11.0936641693 | VS3 : -11.0974292755
VS4 : -10.5400037765 | VS5 : -11.2458038330 | VS6 : -11.3058032989
T : 1784.87202787399

                                                                                                    
                                                                                                    
38 iterations | 0.0 Hz
M0 : 0.0065923794172 | M1 : 0.0095717739313 | M2 : 0.0055421376600
M3 : 0.0081339869648 | M4 : 0.0095204375684 | M5 : 0.0166683159768
M6 : 0.0116960573941 | R0 : 0.0014970857882 | R1 : 0.0030538563150
R2 : 0.0046370415948 | R3 : 0.0014740576734 | R4 : 0.0030495843384
R5 : 0.0026438036002 | R6 : 0.0019391092937 | S0 : -11.26434993743
S1 : -11.05998897552 | S2 : -11.08176231384 | S3 : -11.19712543487
S4 : -10.98720741271 | S5 : -11.31969070434 | S6 : -11.13488292694
V0 : 0.0043934751302 | V1 : 0.0056727267801 | V2 : 0.0048718173056
V3 : 0.0039168195798 | V4 : 0.0054414416663 | V5 : 0.0043874988332
V6 : 0.0039781625382 | VR0 : 0.002367553766 | VR1 : 0.005429637152
VR2 : 0.003870757529 | VR3 : 0.001388599979 | VR4 : 0.003445857902
VR5 : 0.002573406789 | VR6 : 0.003892030799 | VS0 : -11.2426872253
VS1 : -11.1215972900 | VS2 : -11.0570459365 | VS3 : -11.2720823287
VS4 : -11.1279182434 | VS5 : -11.4025363922 | VS6 : -11.2012796401
T : 1831.97925090789

                                                                                                    
                                                                                                    
39 iterations | 0.0 Hz
M0 : 0.0065744579769 | M1 : 0.0083944490179 | M2 : 0.0072227166965
M3 : 0.0072678253054 | M4 : 0.0084253689274 | M5 : 0.0119230365380
M6 : 0.0047939661890 | R0 : 0.0014921670081 | R1 : 0.0084923226386
R2 : 0.0067634861916 | R3 : 0.0045114192180 | R4 : 0.0036089497152
R5 : 0.0035850747954 | R6 : 0.0033781782258 | S0 : -10.99026870727
S1 : -10.51037120819 | S2 : -10.45296764373 | S3 : -11.20379829406
S4 : -11.21909427642 | S5 : -11.10475540161 | S6 : -10.84511661529
V0 : 0.0034883841872 | V1 : 0.0064899837598 | V2 : 0.0045261550694
V3 : 0.0052614840678 | V4 : 0.0050108744762 | V5 : 0.0062707895413
V6 : 0.0037049027159 | VR0 : 0.001758910017 | VR1 : 0.005475045181
VR2 : 0.002701828023 | VR3 : 0.002957773627 | VR4 : 0.004779372364
VR5 : 0.003285921877 | VR6 : 0.006676589604 | VS0 : -10.9884119033
VS1 : -10.5429010391 | VS2 : -10.4975004196 | VS3 : -11.1576967239
VS4 : -11.2766180038 | VS5 : -11.1984615325 | VS6 : -10.8813667297
T : 1879.02680659294

                                                                                                    
                                                                                                    
40 iterations | 0.0 Hz
M0 : 0.0062345266342 | M1 : 0.0061738090589 | M2 : 0.0084770694375
M3 : 0.0111680990085 | M4 : 0.0078546684235 | M5 : 0.0069901025854
M6 : 0.0079728625714 | R0 : 0.0007206058362 | R1 : 0.0044098412618
R2 : 0.0079115675762 | R3 : 0.0015231258003 | R4 : 0.0063811661675
R5 : 0.0296967588365 | R6 : 0.0063812164589 | S0 : -10.10634040832
S1 : -11.02782821655 | S2 : -11.24132347106 | S3 : -10.94909858703
S4 : -10.45059013366 | S5 : -10.86337089538 | S6 : -10.81455802917
V0 : 0.0048271073028 | V1 : 0.0048229619860 | V2 : 0.0049893753603
V3 : 0.0060405051335 | V4 : 0.0055838897824 | V5 : 0.0100031308829
V6 : 0.0063030901364 | VR0 : 0.001060854759 | VR1 : 0.007666326593
VR2 : 0.006194803398 | VR3 : 0.003334909910 | VR4 : 0.003716010600
VR5 : 0.046134069561 | VR6 : 0.008824371732 | VS0 : -10.0433464050
VS1 : -11.0416049957 | VS2 : -11.2488956451 | VS3 : -10.8435544967
VS4 : -10.4598627090 | VS5 : -10.7356901168 | VS6 : -10.7546768188
T : 1925.86915254592

                                                                                                    
                                                                                                    
41 iterations | 0.0 Hz
M0 : 0.0087988553568 | M1 : 0.0470559783279 | M2 : 0.0106792179867
M3 : 0.0074729188345 | M4 : 0.0173758957535 | M5 : 0.0109841870144
M6 : 0.0173311848193 | R0 : 0.0042867287993 | R1 : 0.2290419042110
R2 : 0.0034793429076 | R3 : 0.0118157751858 | R4 : 0.0084021240472
R5 : 0.0052292300388 | R6 : 0.0136774545535 | S0 : -11.01085758209
S1 : -8.958785057067 | S2 : -10.73423480987 | S3 : -11.54924297332
S4 : -10.70978450775 | S5 : -11.21699428558 | S6 : -10.66563796997
V0 : 0.0066432161256 | V1 : 0.0432668626308 | V2 : 0.0041173049248
V3 : 0.0054111536592 | V4 : 0.0084505844861 | V5 : 0.0068604853004
V6 : 0.0086497729644 | VR0 : 0.004216905683 | VR1 : 0.202900752425
VR2 : 0.002912600990 | VR3 : 0.003972171805 | VR4 : 0.007224346045
VR5 : 0.005243001040 | VR6 : 0.019262321293 | VS0 : -10.9577960968
VS1 : -9.19196414947 | VS2 : -10.7569761276 | VS3 : -11.4949245452
VS4 : -10.8121833801 | VS5 : -11.2517414093 | VS6 : -10.7520971298
T : 1972.93764424324

                                                                                                    
                                                                                                    
42 iterations | 0.0 Hz
M0 : 0.0072322376072 | M1 : 0.0131314964964 | M2 : 0.0088879084214
M3 : 0.0191727355122 | M4 : 0.0188894234597 | M5 : 0.0075058918446
M6 : 0.0048866779543 | R0 : 0.0010028529213 | R1 : 0.0244905035942
R2 : 0.0022236772347 | R3 : 0.0020004597026 | R4 : 0.0107412841171
R5 : 0.0227409750223 | R6 : 0.0027495643589 | S0 : -7.668196201324
S1 : -11.51021289825 | S2 : -11.14923477172 | S3 : -10.93116950988
S4 : -10.91184329986 | S5 : -10.86768245697 | S6 : -11.16722011566
V0 : 0.0047615082003 | V1 : 0.0042133559472 | V2 : 0.0040337038226
V3 : 0.0047723813913 | V4 : 0.0144875049591 | V5 : 0.0092398030683
V6 : 0.0049998140893 | VR0 : 0.003128513926 | VR1 : 0.002278252737
VR2 : 0.001246404135 | VR3 : 0.001158902887 | VR4 : 0.010806589387
VR5 : 0.022117093205 | VR6 : 0.004112623631 | VS0 : -7.77906274795
VS1 : -11.5481414794 | VS2 : -11.2949428558 | VS3 : -10.9527540206
VS4 : -10.9430074691 | VS5 : -10.9051437377 | VS6 : -11.1646213531
T : 2020.16914558410

                                                                                                    
                                                                                                    
43 iterations | 0.0 Hz
M0 : 0.0030628705862 | M1 : 0.0070830835029 | M2 : 0.0066950265318
M3 : 0.0141432741656 | M4 : 0.0069368151016 | M5 : 0.0091876043006
M6 : 0.0057900040410 | R0 : 0.0006899599102 | R1 : 0.0022865792270
R2 : 0.0024497993290 | R3 : 0.0020228205248 | R4 : 0.0016632281476
R5 : 0.0016854470595 | R6 : 0.0043700020760 | S0 : -10.95805168151
S1 : -11.28747844696 | S2 : -11.43010425567 | S3 : -11.03222465515
S4 : -11.35237312316 | S5 : -10.90870475769 | S6 : -11.33727455139
V0 : 0.0042753312736 | V1 : 0.0049907434731 | V2 : 0.0055193058215
V3 : 0.0036640404723 | V4 : 0.0054770661517 | V5 : 0.0067504108883
V6 : 0.0062579563818 | VR0 : 0.001360745052 | VR1 : 0.001726868562
VR2 : 0.002995993709 | VR3 : 0.000744958466 | VR4 : 0.001511055394
VR5 : 0.008213241584 | VR6 : 0.004821431357 | VS0 : -10.9935054779
VS1 : -11.3037834167 | VS2 : -11.3503007888 | VS3 : -11.0951147079
VS4 : -11.3793048858 | VS5 : -10.8467254638 | VS6 : -11.3151035308
T : 2067.29474472999

                                                                                                    
                                                                                                    
44 iterations | 0.0 Hz
M0 : 0.0153134111315 | M1 : 0.0108117563650 | M2 : 0.0090043907985
M3 : 0.0048306602984 | M4 : 0.0055067110806 | M5 : 0.0056762485764
M6 : 0.0089997276663 | R0 : 0.0046449592337 | R1 : 0.0052823713049
R2 : 0.0023556998930 | R3 : 0.0039669331163 | R4 : 0.0009880865691
R5 : 0.0067161768674 | R6 : 0.0078921578824 | S0 : -10.91682529449
S1 : -11.04517650604 | S2 : -10.04864883422 | S3 : -11.20688819885
S4 : -11.35565853118 | S5 : -10.69329833984 | S6 : -11.10397148132
V0 : 0.0064446893520 | V1 : 0.0054990481585 | V2 : 0.0053485450334
V3 : 0.0051734773442 | V4 : 0.0042113852687 | V5 : 0.0038748460356
V6 : 0.0083525096997 | VR0 : 0.004519612994 | VR1 : 0.003817143617
VR2 : 0.001263386453 | VR3 : 0.004898979794 | VR4 : 0.000817532651
VR5 : 0.001652906415 | VR6 : 0.013603438623 | VS0 : -10.9724349975
VS1 : -11.1765861511 | VS2 : -10.0342903137 | VS3 : -11.1818084716
VS4 : -11.3989810943 | VS5 : -10.7269945144 | VS6 : -11.0716428756
T : 2114.57219076156

                                                                                                    
                                                                                                    
45 iterations | 0.0 Hz
M0 : 0.0088401809334 | M1 : 0.0048467619344 | M2 : 0.0094425491988
M3 : 0.0066267978399 | M4 : 0.0088051222264 | M5 : 0.0065758884884
M6 : 0.0083102192729 | R0 : 0.0013490023557 | R1 : 0.0024260326754
R2 : 0.0132041834294 | R3 : 0.0035528698936 | R4 : 0.0022389276418
R5 : 0.0025308327749 | R6 : 0.0174878723919 | S0 : -11.36397266387
S1 : -11.32748126983 | S2 : -11.21942520141 | S3 : -11.15134239196
S4 : -11.28806400299 | S5 : -11.36850452423 | S6 : -10.86362648010
V0 : 0.0041673928499 | V1 : 0.0053304759785 | V2 : 0.0088323419913
V3 : 0.0077803288586 | V4 : 0.0051104901358 | V5 : 0.0038280156441
V6 : 0.0159367918968 | VR0 : 0.001568542211 | VR1 : 0.001978148240
VR2 : 0.019049543887 | VR3 : 0.001196496770 | VR4 : 0.001387023949
VR5 : 0.002220023889 | VR6 : 0.040545783936 | VS0 : -11.4014196395
VS1 : -11.3717956542 | VS2 : -11.1131439208 | VS3 : -11.2111024856
VS4 : -11.3173656463 | VS5 : -11.3981857299 | VS6 : -10.8028812408
T : 2161.56481647491

                                                                                                    
                                                                                                    
46 iterations | 0.0 Hz
M0 : 0.0255508925765 | M1 : 0.0059941248036 | M2 : 0.0030020698904
M3 : 0.0060866442508 | M4 : 0.0044633010402 | M5 : 0.0071950196288
M6 : 0.0113755473867 | R0 : 0.0498369373381 | R1 : 0.0081132426857
R2 : 0.0014943473506 | R3 : 0.0038574850186 | R4 : 0.0022274821531
R5 : 0.0032440300565 | R6 : 0.0099994791671 | S0 : -10.59474182128
S1 : -11.37896728515 | S2 : -11.24967479705 | S3 : -11.27757740020
S4 : -11.21264457702 | S5 : -11.08810997009 | S6 : -11.17752647399
V0 : 0.0118432808667 | V1 : 0.0071534519083 | V2 : 0.0041869324631
V3 : 0.0057550882920 | V4 : 0.0037048768717 | V5 : 0.0067225121892
V6 : 0.0059086768887 | VR0 : 0.035490635782 | VR1 : 0.004780149087
VR2 : 0.001777805504 | VR3 : 0.003968906123 | VR4 : 0.003663501935
VR5 : 0.003674209117 | VR6 : 0.008977937512 | VS0 : -10.7070264816
VS1 : -11.3245820999 | VS2 : -11.1446390151 | VS3 : -11.2965126037
VS4 : -11.1847476959 | VS5 : -11.0483722686 | VS6 : -11.2112159729
T : 2208.36278390884

                                                                                                    
                                                                                                    
47 iterations | 0.0 Hz
M0 : 0.0081404745578 | M1 : 0.0038163035642 | M2 : 0.0047331466339
M3 : 0.0030580358579 | M4 : 0.0026647443883 | M5 : 0.0083811189979
M6 : 0.0121296634897 | R0 : 0.0008723918581 | R1 : 0.0016823338810
R2 : 0.0025163397658 | R3 : 0.0018473481759 | R4 : 0.0012584079522
R5 : 0.0036247458774 | R6 : 0.0108033549040 | S0 : -8.906809806823
S1 : -11.38424873352 | S2 : -11.31559658050 | S3 : -11.52126979827
S4 : -11.34894752502 | S5 : -11.42390346527 | S6 : -10.71410083770
V0 : 0.0047934567555 | V1 : 0.0062419571913 | V2 : 0.0036330346483
V3 : 0.0062199346721 | V4 : 0.0049629155546 | V5 : 0.0036245461087
V6 : 0.0078191850334 | VR0 : 0.001234167371 | VR1 : 0.004377104807
VR2 : 0.001712109311 | VR3 : 0.000996854621 | VR4 : 0.001649523386
VR5 : 0.001225705374 | VR6 : 0.021579256281 | VS0 : -8.93444919586
VS1 : -11.2787399291 | VS2 : -11.3574676513 | VS3 : -11.4666843414
VS4 : -11.3449411392 | VS5 : -11.6074209213 | VS6 : -10.7285051345
T : 2251.25020456314

                                                                                                    
                                                                                                    
48 iterations | 0.0 Hz
M0 : 0.0079880878329 | M1 : 0.0081989634782 | M2 : 0.0033547419589
M3 : 0.0048545645549 | M4 : 0.0091414544731 | M5 : 0.0051673143170
M6 : 0.0097796861082 | R0 : 0.0199479926377 | R1 : 0.0041443863883
R2 : 0.0016333311796 | R3 : 0.0017180292634 | R4 : 0.0065581570379
R5 : 0.0029795051086 | R6 : 0.0086356298997 | S0 : -10.73617649078
S1 : -11.40771579742 | S2 : -11.23727989196 | S3 : -11.34202766418
S4 : -10.65760803222 | S5 : -11.36240005493 | S6 : -10.96337985992
V0 : 0.0076637826859 | V1 : 0.0052127041853 | V2 : 0.0030901364516
V3 : 0.0046781976707 | V4 : 0.0086056143045 | V5 : 0.0047414349392
V6 : 0.0049978359602 | VR0 : 0.025150505825 | VR1 : 0.004978052340
VR2 : 0.002047724090 | VR3 : 0.001903033116 | VR4 : 0.005444005597
VR5 : 0.002305542584 | VR6 : 0.006936290301 | VS0 : -10.7397165298
VS1 : -11.3505392074 | VS2 : -11.1897802352 | VS3 : -11.3455276489
VS4 : -10.6193447113 | VS5 : -11.5124330520 | VS6 : -11.0079231262
T : 2293.94716906547

                                                                                                    
                                                                                                    
49 iterations | 0.0 Hz
M0 : 0.0094107473269 | M1 : 0.0098905200138 | M2 : 0.0071260347031
M3 : 0.0075395125895 | M4 : 0.0098711978644 | M5 : 0.0082369009032
M6 : 0.0062697078101 | R0 : 0.0024901446886 | R1 : 0.0139092467725
R2 : 0.0025919042527 | R3 : 0.0016056520398 | R4 : 0.0032169672194
R5 : 0.0095164952799 | R6 : 0.0014569265767 | S0 : -8.529006958007
S1 : -11.56890964508 | S2 : -10.83203697204 | S3 : -11.51247501373
S4 : -11.03996753692 | S5 : -11.45919704437 | S6 : -11.13044166564
V0 : 0.0042087459005 | V1 : 0.0118912290781 | V2 : 0.0037470513489
V3 : 0.0048523969016 | V4 : 0.0052135782316 | V5 : 0.0066568050533
V6 : 0.0033245203085 | VR0 : 0.002172371838 | VR1 : 0.005932938773
VR2 : 0.000963207276 | VR3 : 0.002939271507 | VR4 : 0.004792977590
VR5 : 0.009720296598 | VR6 : 0.001948238932 | VS0 : -8.57132720947
VS1 : -11.5131311416 | VS2 : -10.8298416137 | VS3 : -11.4873619079
VS4 : -11.1455001831 | VS5 : -11.3854818344 | VS6 : -11.2217130661
T : 2336.67921233177

                                                                                                    
                                                                                                    
50 iterations | 0.0 Hz
M0 : 0.0086212847381 | M1 : 0.0087290937080 | M2 : 0.0051703336648
M3 : 0.0066966591402 | M4 : 0.0082918908447 | M5 : 0.0047496091574
M6 : 0.0060672475956 | R0 : 0.0061823246069 | R1 : 0.0017327371751
R2 : 0.0015937082935 | R3 : 0.0040933219715 | R4 : 0.0091930497437
R5 : 0.0026720073074 | R6 : 0.0014572229702 | S0 : -10.85586547851
S1 : -10.97755432128 | S2 : -11.41167545318 | S3 : -11.42354869842
S4 : -9.097080230712 | S5 : -11.26723480224 | S6 : -11.37283992767
V0 : 0.0054246755316 | V1 : 0.0049116276204 | V2 : 0.0043454635888
V3 : 0.0069237523712 | V4 : 0.0070625692605 | V5 : 0.0042787208221
V6 : 0.0031504507642 | VR0 : 0.011138402856 | VR1 : 0.001930752419
VR2 : 0.004018472041 | VR3 : 0.001878170762 | VR4 : 0.008312908001
VR5 : 0.002694091293 | VR6 : 0.001328329090 | VS0 : -10.9036426544
VS1 : -10.9862947463 | VS2 : -11.3319139480 | VS3 : -11.4666576385
VS4 : -9.13119029998 | VS5 : -11.3135099411 | VS6 : -11.4271841049
T : 2379.29953432083

                                                                                                    
                                                                                                    
51 iterations | 0.0 Hz
M0 : 0.0088256746530 | M1 : 0.0027093954849 | M2 : 0.0171203035861
M3 : 0.0079751526936 | M4 : 0.0104345092549 | M5 : 0.0034442937467
M6 : 0.0051236441358 | R0 : 0.0020556722301 | R1 : 0.0010623144917
R2 : 0.0050275605171 | R3 : 0.0028490435797 | R4 : 0.0021012860815
R5 : 0.0019335406832 | R6 : 0.0014625455951 | S0 : -11.06011581420
S1 : -11.63200187683 | S2 : -11.28521251678 | S3 : -11.50569343566
S4 : -10.77492332458 | S5 : -10.12332439422 | S6 : -11.32153797149
V0 : 0.0038489974103 | V1 : 0.0047898786142 | V2 : 0.0043922602199
V3 : 0.0041536120697 | V4 : 0.0052165272645 | V5 : 0.0051648793742
V6 : 0.0038906994741 | VR0 : 0.001207092544 | VR1 : 0.001799123710
VR2 : 0.002412440953 | VR3 : 0.003579323180 | VR4 : 0.004680403042
VR5 : 0.002391478046 | VR6 : 0.003463059896 | VS0 : -11.1570806503
VS1 : -11.5784606933 | VS2 : -11.3703088760 | VS3 : -11.5308103561
VS4 : -10.8270359039 | VS5 : -10.2559165954 | VS6 : -11.3081102371
T : 2424.42128586769

                                                                                                    
                                                                                                    
52 iterations | 0.0 Hz
M0 : 0.0139687852934 | M1 : 0.0054804845713 | M2 : 0.0152707351371
M3 : 0.0068715298548 | M4 : 0.0064500598236 | M5 : 0.0110055105760
M6 : 0.0068994467146 | R0 : 0.0326050370931 | R1 : 0.0014769482659
R2 : 0.0187709685415 | R3 : 0.0037535834126 | R4 : 0.0024654227308
R5 : 0.0073915361426 | R6 : 0.0032618164550 | S0 : -11.25372505187
S1 : -11.65808010101 | S2 : -11.23202991485 | S3 : -11.25304317474
S4 : -11.40029621124 | S5 : -11.18166732788 | S6 : -11.52454376220
V0 : 0.0122673455625 | V1 : 0.0056525319814 | V2 : 0.0124752372503
V3 : 0.0037015308625 | V4 : 0.0059790951199 | V5 : 0.0057413117028
V6 : 0.0041146329604 | VR0 : 0.019449936226 | VR1 : 0.002122169826
VR2 : 0.023162033408 | VR3 : 0.002087100408 | VR4 : 0.002203950891
VR5 : 0.006358829792 | VR6 : 0.003256636206 | VS0 : -11.2440824508
VS1 : -11.6900014877 | VS2 : -11.2858276367 | VS3 : -11.4109182357
VS4 : -11.4383392333 | VS5 : -11.1950788497 | VS6 : -11.4520721435
T : 2471.48699951171

                                                                                                    
                                                                                                    
53 iterations | 0.0 Hz
M0 : 0.0090886913239 | M1 : 0.0034695812501 | M2 : 0.0092562651261
M3 : 0.0039346106350 | M4 : 0.0028450025711 | M5 : 0.0110372146591
M6 : 0.0125214532017 | R0 : 0.0063889087177 | R1 : 0.0006890670047
R2 : 0.0021243705414 | R3 : 0.0014339062618 | R4 : 0.0012476282427
R5 : 0.0080898907035 | R6 : 0.0058024344034 | S0 : -11.12675476074
S1 : -9.449545860290 | S2 : -11.51963043212 | S3 : -11.53886508941
S4 : -10.24249076843 | S5 : -10.72991561889 | S6 : -11.48156166076
V0 : 0.0055795083753 | V1 : 0.0045071020722 | V2 : 0.0054035368375
V3 : 0.0042707803659 | V4 : 0.0052875205874 | V5 : 0.0075347078964
V6 : 0.0048564756289 | VR0 : 0.015153619460 | VR1 : 0.001446362002
VR2 : 0.003220924176 | VR3 : 0.001663919189 | VR4 : 0.002076838864
VR5 : 0.007805737666 | VR6 : 0.004443834535 | VS0 : -11.1267461776
VS1 : -9.37620735168 | VS2 : -11.5035896301 | VS3 : -11.5137863159
VS4 : -10.2581634521 | VS5 : -10.8146333694 | VS6 : -11.5255393981
T : 2518.43906831741

                                                                                                    
                                                                                                    
54 iterations | 0.0 Hz
M0 : 0.0046630436554 | M1 : 0.0059287422336 | M2 : 0.0081299794837
M3 : 0.0105729671195 | M4 : 0.0061476565897 | M5 : 0.0051007107831
M6 : 0.0043931780382 | R0 : 0.0004955859039 | R1 : 0.0013906990643
R2 : 0.0025536289904 | R3 : 0.0025711245834 | R4 : 0.0021840180270
R5 : 0.0008834644686 | R6 : 0.0016812416724 | S0 : -11.32233905792
S1 : -11.43681430816 | S2 : -11.36014652252 | S3 : -10.98642539978
S4 : -11.33325862884 | S5 : -11.44046401977 | S6 : -9.841553688049
V0 : 0.0042347940616 | V1 : 0.0063279019668 | V2 : 0.0043788696639
V3 : 0.0032680272124 | V4 : 0.0055501298047 | V5 : 0.0030928447376
V6 : 0.0031097589526 | VR0 : 0.002420270349 | VR1 : 0.000744986056
VR2 : 0.002499491674 | VR3 : 0.002401648322 | VR4 : 0.002214900450
VR5 : 0.000708203995 | VR6 : 0.001433372264 | VS0 : -11.3223056793
VS1 : -11.5090169906 | VS2 : -11.3953762054 | VS3 : -11.1053485870
VS4 : -11.3098545074 | VS5 : -11.4312171936 | VS6 : -9.87509918212
T : 2565.51113533973

                                                                                                    
                                                                                                    
55 iterations | 0.0 Hz
M0 : 0.0276199989020 | M1 : 0.0057676816359 | M2 : 0.0070157041773
M3 : 0.0040080994367 | M4 : 0.0050115878693 | M5 : 0.0085875354707
M6 : 0.0098536964505 | R0 : 0.0036012933123 | R1 : 0.0024139620363
R2 : 0.0012023029848 | R3 : 0.0026504024863 | R4 : 0.0022094813175
R5 : 0.0048730028793 | R6 : 0.0016294687520 | S0 : -11.30901432037
S1 : -11.51196289062 | S2 : -11.29073047637 | S3 : -11.58253860473
S4 : -11.10621452331 | S5 : -11.06828308105 | S6 : -10.24613189697
V0 : 0.0044999951496 | V1 : 0.0043050344102 | V2 : 0.0044968705624
V3 : 0.0035456509795 | V4 : 0.0050648301839 | V5 : 0.0056837848387
V6 : 0.0059596565552 | VR0 : 0.003288391511 | VR1 : 0.001246974919
VR2 : 0.002380566671 | VR3 : 0.003631004132 | VR4 : 0.002779125235
VR5 : 0.002844049129 | VR6 : 0.002236800733 | VS0 : -11.5464887619
VS1 : -11.5822830200 | VS2 : -11.3401689529 | VS3 : -11.5031747817
VS4 : -11.0504169464 | VS5 : -11.1473169326 | VS6 : -10.2445392608
T : 2612.65155482292

                                                                                                    
                                                                                                    
56 iterations | 0.0 Hz
M0 : 0.0072962571866 | M1 : 0.0145026966929 | M2 : 0.0047173863276
M3 : 0.0075354175642 | M4 : 0.0082994429394 | M5 : 0.0065339375287
M6 : 0.0041825892403 | R0 : 0.0039773113094 | R1 : 0.0034687027800
R2 : 0.0028145618271 | R3 : 0.0021949897054 | R4 : 0.0054660541936
R5 : 0.0070258774794 | R6 : 0.0010207416489 | S0 : -10.10748767852
S1 : -11.60613727569 | S2 : -11.64173889160 | S3 : -11.39033794403
S4 : -11.06092834472 | S5 : -11.35637664794 | S6 : -11.65051460266
V0 : 0.0087493667379 | V1 : 0.0058460640721 | V2 : 0.0060874591581
V3 : 0.0053178863599 | V4 : 0.0062777185812 | V5 : 0.0059382328763
V6 : 0.0024298506323 | VR0 : 0.007529693190 | VR1 : 0.001740074250
VR2 : 0.008009014651 | VR3 : 0.003286530030 | VR4 : 0.003258322831
VR5 : 0.008475750684 | VR6 : 0.000831574085 | VS0 : -10.1343917846
VS1 : -11.6352071762 | VS2 : -11.5493974685 | VS3 : -11.3909187316
VS4 : -11.0153322219 | VS5 : -11.4258060455 | VS6 : -11.7108201980
T : 2659.61233043670

                                                                                                    
                                                                                                    
57 iterations | 0.0 Hz
M0 : 0.0138895716518 | M1 : 0.0069510964676 | M2 : 0.0205044746398
M3 : 0.0073132985271 | M4 : 0.0029723362531 | M5 : 0.0102386660873
M6 : 0.0045907297171 | R0 : 0.0059267347678 | R1 : 0.0026627224870
R2 : 0.0017343186773 | R3 : 0.0018469698261 | R4 : 0.0006127787637
R5 : 0.0079317335039 | R6 : 0.0007220069528 | S0 : -11.07147502899
S1 : -11.68113040924 | S2 : -10.98501300811 | S3 : -11.04323577880
S4 : -11.50086975097 | S5 : -11.41710758209 | S6 : -11.42089271545
V0 : 0.0070439223200 | V1 : 0.0039088539779 | V2 : 0.0034111933782
V3 : 0.0041541145183 | V4 : 0.0078615127131 | V5 : 0.0056203450076
V6 : 0.0027698760386 | VR0 : 0.006907590664 | VR1 : 0.000782414106
VR2 : 0.001825981424 | VR3 : 0.001568833133 | VR4 : 0.000896817771
VR5 : 0.008938239887 | VR6 : 0.001444958732 | VS0 : -11.1708955764
VS1 : -11.7493572235 | VS2 : -11.2776966094 | VS3 : -11.0695714950
VS4 : -11.4700622558 | VS5 : -11.4354200363 | VS6 : -11.4721279144
T : 2706.60931444168

                                                                                                    
                                                                                                    
58 iterations | 0.0 Hz
M0 : 0.0062685087323 | M1 : 0.0055381534621 | M2 : 0.0059810965321
M3 : 0.0045724390074 | M4 : 0.0047813034616 | M5 : 0.0116671500727
M6 : 0.0085234474390 | R0 : 0.0042186896316 | R1 : 0.0017995190573
R2 : 0.0013318416895 | R3 : 0.0012284517288 | R4 : 0.0021068088244
R5 : 0.0053614294156 | R6 : 0.0016505463281 | S0 : -8.049009323120
S1 : -11.36451721191 | S2 : -11.53184890747 | S3 : -11.60435295104
S4 : -11.44215679168 | S5 : -2.068569183349 | S6 : -11.33209991455
V0 : 0.0061484142206 | V1 : 0.0048412000760 | V2 : 0.0025883074849
V3 : 0.0039423075504 | V4 : 0.0056103607639 | V5 : 0.0093718534335
V6 : 0.0031286310404 | VR0 : 0.001978301675 | VR1 : 0.001273612026
VR2 : 0.001968469005 | VR3 : 0.002117897383 | VR4 : 0.002005264395
VR5 : 0.004425092134 | VR6 : 0.001853081397 | VS0 : -8.07338142395
VS1 : -11.3263587951 | VS2 : -11.6350431442 | VS3 : -11.6257410049
VS4 : -11.3725051879 | VS5 : -2.22651386260 | VS6 : -11.3505496978
T : 2753.89480948448

                                                                                                    
                                                                                                    
59 iterations | 0.0 Hz
M0 : 0.0146431270986 | M1 : 0.0115308612585 | M2 : 0.0074450122192
M3 : 0.0112526360899 | M4 : 0.0032991413027 | M5 : 0.0089788539335
M6 : 0.0053755138069 | R0 : 0.0046433256939 | R1 : 0.0092673785984
R2 : 0.0012225193204 | R3 : 0.0046908352524 | R4 : 0.0019732501823
R5 : 0.0078342929482 | R6 : 0.0007969071739 | S0 : -11.31100654602
S1 : -10.95907974243 | S2 : -11.40180110931 | S3 : -11.60671138763
S4 : -10.56077766418 | S5 : -10.93022346496 | S6 : -11.57866764068
V0 : 0.0048442403785 | V1 : 0.0063566798344 | V2 : 0.0041105956770
V3 : 0.0058782058767 | V4 : 0.0038336741272 | V5 : 0.0048115388490
V6 : 0.0028077932074 | VR0 : 0.002342381747 | VR1 : 0.005429952405
VR2 : 0.001891037099 | VR3 : 0.003311622189 | VR4 : 0.004199978895
VR5 : 0.002386531326 | VR6 : 0.001002399949 | VS0 : -11.3531732559
VS1 : -10.9616546630 | VS2 : -11.3439550399 | VS3 : -11.6521530151
VS4 : -10.5544557571 | VS5 : -11.0045547485 | VS6 : -11.6502485275
T : 2800.71376109123

                                                                                                    
                                                                                                    
60 iterations | 0.0 Hz
M0 : 0.0038142704870 | M1 : 0.0207781903445 | M2 : 0.0112849790602
M3 : 0.0052843671292 | M4 : 0.0139075452461 | M5 : 0.0053713391534
M6 : 0.0058271568268 | R0 : 0.0022509195841 | R1 : 0.0480858981609
R2 : 0.0017984971636 | R3 : 0.0007573275361 | R4 : 0.0037118105683
R5 : 0.0020568117033 | R6 : 0.0018841623095 | S0 : -11.40018272399
S1 : -11.17596435546 | S2 : -11.17043018341 | S3 : -11.76926326751
S4 : -10.91057586669 | S5 : -5.719232559204 | S6 : -10.80917358398
V0 : 0.0036968702916 | V1 : 0.0211638342589 | V2 : 0.0027186998631
V3 : 0.0029568348545 | V4 : 0.0035364837385 | V5 : 0.0061726369895
V6 : 0.0043610115535 | VR0 : 0.001203983789 | VR1 : 0.060539610683
VR2 : 0.000817709136 | VR3 : 0.000998437521 | VR4 : 0.002518919529
VR5 : 0.003356813918 | VR6 : 0.004041162319 | VS0 : -11.4290008544
VS1 : -11.2153148651 | VS2 : -11.2822694778 | VS3 : -11.8068208694
VS4 : -10.9148998260 | VS5 : -5.72406053543 | VS6 : -10.7836236953
T : 2847.82294058799

                                                                                                    
                                                                                                    
61 iterations | 0.0 Hz
M0 : 0.0040242546238 | M1 : 0.0057324152439 | M2 : 0.0047610546462
M3 : 0.0082650408148 | M4 : 0.0090709803625 | M5 : 0.0154142370447
M6 : 0.0023178549017 | R0 : 0.0006462206365 | R1 : 0.0058324104174
R2 : 0.0054619158618 | R3 : 0.0011492876801 | R4 : 0.0089012468233
R5 : 0.0442273989319 | R6 : 0.0013600505189 | S0 : -8.603456497192
S1 : -11.25200748443 | S2 : -11.59417343139 | S3 : -10.14509010314
S4 : -11.28114891052 | S5 : -9.505372047424 | S6 : -11.41497421264
V0 : 0.0048798266798 | V1 : 0.0090388162061 | V2 : 0.0043146191164
V3 : 0.0045096417888 | V4 : 0.0047661941498 | V5 : 0.0204154942184
V6 : 0.0041049416176 | VR0 : 0.000775591237 | VR1 : 0.005693300161
VR2 : 0.001918550813 | VR3 : 0.001383139519 | VR4 : 0.004226915072
VR5 : 0.059787783771 | VR6 : 0.001930421451 | VS0 : -8.56803894042
VS1 : -11.1029834747 | VS2 : -11.5529499053 | VS3 : -10.1946296691
VS4 : -11.4729080200 | VS5 : -9.58891010284 | VS6 : -11.4508752822
T : 2895.11143112182

                                                                                                    
                                                                                                    
62 iterations | 0.0 Hz
M0 : 0.0110866539180 | M1 : 0.0100470054894 | M2 : 0.0097149917855
M3 : 0.0051330993883 | M4 : 0.0058508506044 | M5 : 0.0042989891953
M6 : 0.0076125580817 | R0 : 0.0052615231834 | R1 : 0.0014842565869
R2 : 0.0047660782001 | R3 : 0.0090413205325 | R4 : 0.0151175558567
R5 : 0.0031449175439 | R6 : 0.0165596008300 | S0 : -10.87531280517
S1 : -11.61326694488 | S2 : -10.86790752410 | S3 : -11.18032073974
S4 : -11.59049224853 | S5 : -11.50138473510 | S6 : -11.08624362945
V0 : 0.0042700665071 | V1 : 0.0034495620056 | V2 : 0.0051249265670
V3 : 0.0068294303491 | V4 : 0.0063082790002 | V5 : 0.0070298975333
V6 : 0.0076550100930 | VR0 : 0.003327037906 | VR1 : 0.000952883507
VR2 : 0.002108149928 | VR3 : 0.013467960059 | VR4 : 0.007935085333
VR5 : 0.006333936005 | VR6 : 0.014193887822 | VS0 : -10.8582382202
VS1 : -11.7452573776 | VS2 : -10.9573688507 | VS3 : -11.0542745590
VS4 : -11.4961309432 | VS5 : -11.5145740509 | VS6 : -11.1380529403
T : 2942.01551556587

                                                                                                    
                                                                                                    
63 iterations | 0.0 Hz
M0 : 0.0056947106495 | M1 : 0.0078835207968 | M2 : 0.0207820441573
M3 : 0.0065913363359 | M4 : 0.0051175695843 | M5 : 0.0047231139615
M6 : 0.0066415434703 | R0 : 0.0030748418066 | R1 : 0.0009470101795
R2 : 0.0350111499428 | R3 : 0.0049519957974 | R4 : 0.0028696975205
R5 : 0.0072079650126 | R6 : 0.0105922752991 | S0 : -11.55559349060
S1 : -11.82049560546 | S2 : -11.12077999114 | S3 : -11.12847423553
S4 : -11.20623683929 | S5 : -11.23328304290 | S6 : -11.34309577941
V0 : 0.0036606516223 | V1 : 0.0059315580874 | V2 : 0.0132437171414
V3 : 0.0077411807142 | V4 : 0.0048537938855 | V5 : 0.0063873645849
V6 : 0.0046875509433 | VR0 : 0.004769935738 | VR1 : 0.001201263745
VR2 : 0.025312488898 | VR3 : 0.007852721028 | VR4 : 0.004588706884
VR5 : 0.010808034799 | VR6 : 0.007796654477 | VS0 : -11.5667295455
VS1 : -11.8695631027 | VS2 : -11.2624597549 | VS3 : -11.0702199935
VS4 : -11.2283124923 | VS5 : -11.1170454025 | VS6 : -11.3183631896
T : 2989.05144882202

                                                                                                    
                                                                                                    
64 iterations | 0.0 Hz
M0 : 0.0105183543637 | M1 : 0.0080177038908 | M2 : 0.0097481384873
M3 : 0.0057773762382 | M4 : 0.0101128788664 | M5 : 0.0097887543961
M6 : 0.0057499366812 | R0 : 0.0013097932096 | R1 : 0.0067307432182
R2 : 0.0012704748660 | R3 : 0.0017038442892 | R4 : 0.0042499508708
R5 : 0.0099249714985 | R6 : 0.0033631087280 | S0 : -11.50836753845
S1 : -11.25558471679 | S2 : -11.26844406127 | S3 : -10.59572219848
S4 : -9.344141960144 | S5 : -11.40630817413 | S6 : -10.90039920806
V0 : 0.0027053924277 | V1 : 0.0097262421622 | V2 : 0.0023178569972
V3 : 0.0045500928536 | V4 : 0.0047338260337 | V5 : 0.0062447404488
V6 : 0.0035043747629 | VR0 : 0.001075098756 | VR1 : 0.007626601960
VR2 : 0.001456438563 | VR3 : 0.002295756246 | VR4 : 0.002395757241
VR5 : 0.004779374226 | VR6 : 0.000989499967 | VS0 : -11.6207170486
VS1 : -11.2251834869 | VS2 : -11.3985528945 | VS3 : -10.5693378448
VS4 : -9.43745326995 | VS5 : -11.4648561477 | VS6 : -10.9476499557
T : 3035.96876382827

                                                                                                    
                                                                                                    
65 iterations | 0.0 Hz
M0 : 0.0037140860222 | M1 : 0.0123996110633 | M2 : 0.0087406747043
M3 : 0.0099269235506 | M4 : 0.0035164256114 | M5 : 0.0077605554834
M6 : 0.0024341715034 | R0 : 0.0006822316790 | R1 : 0.0174332894384
R2 : 0.0135956229642 | R3 : 0.0008168423664 | R4 : 0.0022123982198
R5 : 0.0046013877727 | R6 : 0.0010837652953 | S0 : -11.35656452178
S1 : -10.98721218109 | S2 : -10.92135906219 | S3 : -11.09784126281
S4 : -11.62098407745 | S5 : -11.53723049163 | S6 : -11.38714218139
V0 : 0.0031107286922 | V1 : 0.0090889958664 | V2 : 0.0102512566372
V3 : 0.0037050032988 | V4 : 0.0046751233749 | V5 : 0.0047261933796
V6 : 0.0030264663510 | VR0 : 0.000842638546 | VR1 : 0.016252102330
VR2 : 0.023490950465 | VR3 : 0.004272916354 | VR4 : 0.001563303987
VR5 : 0.003157881088 | VR6 : 0.001034868881 | VS0 : -11.3398618698
VS1 : -11.0441265106 | VS2 : -10.8455801010 | VS3 : -11.1302690505
VS4 : -11.7226829528 | VS5 : -11.5623025894 | VS6 : -11.3692874908
T : 3082.91271567344

                                                                                                    
                                                                                                    
66 iterations | 0.0 Hz
M0 : 0.0047165327705 | M1 : 0.0057039665989 | M2 : 0.0016939705237
M3 : 0.0082444529980 | M4 : 0.0045301704667 | M5 : 0.0041998876258
M6 : 0.0084965173155 | R0 : 0.0016146306879 | R1 : 0.0013098363997
R2 : 0.0006381908315 | R3 : 0.0119783207774 | R4 : 0.0023961146362
R5 : 0.0047104624100 | R6 : 0.0016912446590 | S0 : -11.39871692657
S1 : -11.30091285705 | S2 : -11.75973987579 | S3 : -11.38263130187
S4 : -11.58693027496 | S5 : -11.10803699493 | S6 : -11.50054454803
V0 : 0.0035770377144 | V1 : 0.0049694548361 | V2 : 0.0028183984104
V3 : 0.0058308579027 | V4 : 0.0047515351325 | V5 : 0.0048171882517
V6 : 0.0032532785553 | VR0 : 0.000801926711 | VR1 : 0.002343540778
VR2 : 0.001056886976 | VR3 : 0.012142954394 | VR4 : 0.003967107273
VR5 : 0.003219990991 | VR6 : 0.001253550755 | VS0 : -11.4235143661
VS1 : -11.2734823226 | VS2 : -11.7004308700 | VS3 : -11.4248571395
VS4 : -11.5310649871 | VS5 : -11.1464767456 | VS6 : -11.4911727905
T : 3129.93696522712

                                                                                                    
                                                                                                    
67 iterations | 0.0 Hz
M0 : 0.0065390691161 | M1 : 0.0056769018992 | M2 : 0.0138459866866
M3 : 0.0045247832313 | M4 : 0.0115865226835 | M5 : 0.0102606639266
M6 : 0.0151275424286 | R0 : 0.0007163262343 | R1 : 0.0053163119591
R2 : 0.0072813318111 | R3 : 0.0005890963948 | R4 : 0.0104023627936
R5 : 0.0015035525429 | R6 : 0.0271450076252 | S0 : -9.938304901123
S1 : -11.05151748657 | S2 : -11.51101016998 | S3 : -11.49945259094
S4 : -11.10527992248 | S5 : -11.51126003265 | S6 : -10.70115184783
V0 : 0.0032955107744 | V1 : 0.0078860940411 | V2 : 0.0036647587548
V3 : 0.0050678388215 | V4 : 0.0110183265060 | V5 : 0.0048570516519
V6 : 0.0097910827025 | VR0 : 0.000676811847 | VR1 : 0.003789175068
VR2 : 0.002028997289 | VR3 : 0.001698667067 | VR4 : 0.013746065087
VR5 : 0.002954558935 | VR6 : 0.038822337985 | VS0 : -9.96530151367
VS1 : -10.9427747726 | VS2 : -11.7028446197 | VS3 : -11.4606056213
VS4 : -11.1818428039 | VS5 : -11.6676063537 | VS6 : -10.7169666290
T : 3177.02482581138

                                                                                                    
                                                                                                    
68 iterations | 0.0 Hz
M0 : 0.0036825810093 | M1 : 0.0118044894188 | M2 : 0.0086972024291
M3 : 0.0049985386431 | M4 : 0.0108138946816 | M5 : 0.0093677015975
M6 : 0.0146714756265 | R0 : 0.0026056123897 | R1 : 0.0128831584006
R2 : 0.0027761892415 | R3 : 0.0020608864724 | R4 : 0.0105198966339
R5 : 0.0050542764365 | R6 : 0.0008691277471 | S0 : -11.22903251647
S1 : -11.32768535614 | S2 : -10.46335506439 | S3 : -11.52479076385
S4 : -10.65494441986 | S5 : -11.84892272949 | S6 : -11.87740516662
V0 : 0.0073460554704 | V1 : 0.0065355724655 | V2 : 0.0041556078940
V3 : 0.0036463274154 | V4 : 0.0066846520639 | V5 : 0.0032073822803
V6 : 0.0033123327884 | VR0 : 0.001334548112 | VR1 : 0.014995534904
VR2 : 0.002251537982 | VR3 : 0.001039978931 | VR4 : 0.005138312932
VR5 : 0.003448424395 | VR6 : 0.000704484817 | VS0 : -11.1740512847
VS1 : -11.2149085998 | VS2 : -10.4878034591 | VS3 : -11.6182050704
VS4 : -10.6342496871 | VS5 : -11.7930641174 | VS6 : -11.9064455032
T : 3224.40110325813

                                                                                                    
                                                                                                    
69 iterations | 0.0 Hz
M0 : 0.0060643241740 | M1 : 0.0092408536002 | M2 : 0.0061373766511
M3 : 0.0025480764452 | M4 : 0.0161959342658 | M5 : 0.0068314447999
M6 : 0.0117485830560 | R0 : 0.0049962541088 | R1 : 0.0137942107394
R2 : 0.0013062315993 | R3 : 0.0013409681851 | R4 : 0.0867801085114
R5 : 0.0017156307585 | R6 : 0.0076298294588 | S0 : -11.30913639068
S1 : -11.70357990264 | S2 : -11.57819366455 | S3 : -11.43344688415
S4 : -6.000093936920 | S5 : -11.13070487976 | S6 : -8.832808494567
V0 : 0.0052271457388 | V1 : 0.0047918949276 | V2 : 0.0033681311178
V3 : 0.0039217141456 | V4 : 0.0142895895987 | V5 : 0.0055742720142
V6 : 0.0115329120308 | VR0 : 0.006894174963 | VR1 : 0.005197183694
VR2 : 0.000941782316 | VR3 : 0.004374240990 | VR4 : 0.074496090412
VR5 : 0.008643553592 | VR6 : 0.007340596057 | VS0 : -11.3739271163
VS1 : -11.7630472183 | VS2 : -11.6424589157 | VS3 : -11.4315042495
VS4 : -6.05132150650 | VS5 : -11.2092084884 | VS6 : -8.90388870239
T : 3271.43125438690

                                                                                                    
                                                                                                    
70 iterations | 0.0 Hz
M0 : 0.0051056831143 | M1 : 0.0159852895885 | M2 : 0.0048759006895
M3 : 0.0064956881105 | M4 : 0.0091112786903 | M5 : 0.0078432615846
M6 : 0.0092514278367 | R0 : 0.0028890743851 | R1 : 0.0465063489973
R2 : 0.0032682372257 | R3 : 0.0054416181519 | R4 : 0.0030301192309
R5 : 0.0039661284536 | R6 : 0.0014303596690 | S0 : -11.41183090209
S1 : -11.44530105590 | S2 : -11.77487182617 | S3 : -11.62890720367
S4 : -11.40557861328 | S5 : -11.28449535369 | S6 : -11.04716873168
V0 : 0.0089999521151 | V1 : 0.0099421320483 | V2 : 0.0041734296828
V3 : 0.0050177690573 | V4 : 0.0050791567191 | V5 : 0.0066352654248
V6 : 0.0036803006660 | VR0 : 0.010535883717 | VR1 : 0.027115099132
VR2 : 0.002838643733 | VR3 : 0.003512204624 | VR4 : 0.003967406228
VR5 : 0.002613605000 | VR6 : 0.000774577376 | VS0 : -11.4030094146
VS1 : -11.5808668136 | VS2 : -11.7380447387 | VS3 : -11.6923732757
VS4 : -11.4168071746 | VS5 : -11.2552661895 | VS6 : -11.0789613723
T : 3318.55915451049

                                                                                                    
                                                                                                    
[ Progress ] 70 | M0 : 0.0051056831143 | M1 : 0.0159852895885 | M2 : 0.0048759006895 | M3 : 0.0064956881105 | M4 : 0.0091112786903 | M5 : 0.0078432615846 | M6 : 0.0092514278367 | R0 : 0.0028890743851 | R1 : 0.0465063489973 | R2 : 0.0032682372257 | R3 : 0.0054416181519 | R4 : 0.0030301192309 | R5 : 0.0039661284536 | R6 : 0.0014303596690 | S0 : -11.41183090209 | S1 : -11.44530105590 | S2 : -11.77487182617 | S3 : -11.62890720367 | S4 : -11.40557861328 | S5 : -11.28449535369 | S6 : -11.04716873168 | V0 : 0.0089999521151 | V1 : 0.0099421320483 | V2 : 0.0041734296828 | V3 : 0.0050177690573 | V4 : 0.0050791567191 | V5 : 0.0066352654248 | V6 : 0.0036803006660 | VR0 : 0.010535883717 | VR1 : 0.027115099132 | VR2 : 0.002838643733 | VR3 : 0.003512204624 | VR4 : 0.003967406228 | VR5 : 0.002613605000 | VR6 : 0.000774577376 | VS0 : -11.4030094146 | VS1 : -11.5808668136 | VS2 : -11.7380447387 | VS3 : -11.6923732757 | VS4 : -11.4168071746 | VS5 : -11.2552661895 | VS6 : -11.0789613723 | T : 3318.55915451049 | 0.0 Hz
Using 5 / 7 models: [2, 6, 0, 3, 5]
[ BNN ] Holdout [0.00232 0.00243 0.00271 0.00296 0.00309 0.00345 0.00354] {'val_loss': 0.0027005558, 'val_r_loss': 0.00091323955, 'val_s_loss': -11.680809, 'val_train_s_loss_diff': -0.050519943}
MODEL: mlp
[ combo ] Saving model to: /usr/local/data/yuweifu/jaxrl/benchmarks/combo/ray_combo/hopper/hopper_medium_nolip_len5_minq_3.0_lagrange_0.0_deterministic_backup_temp1.0_lr3e-5_3layers_normalize_for_fake_states_rollout_random_real0.5_iter2000_2000e3/seed:645_2022-02-04_18-33-43pbwbth65/models